<?xml version="1.0" encoding="UTF-8"?>
<robot generator="Robot 4.0.3 (Python 3.9.5 on win32)" generated="20220120 10:44:23.995" rpa="false" schemaversion="2">
<suite id="s1" name="Tests" source="D:\DEV\robotframework-eggplant\tests">
<suite id="s1-s1" name="Tests" source="D:\DEV\robotframework-eggplant\tests\tests">
<suite id="s1-s1-s1" name="Comments" source="D:\DEV\robotframework-eggplant\tests\tests\Comments.robot">
<kw name="Open Session" library="EggplantLibrary" type="SETUP">
<doc>Opens a session with the specified eggPlant Suite.
Has to be called before test execution.
The keyword also checks current eggpPant version and logs a warning in case of incompatibility.</doc>
<msg timestamp="20220120 10:44:24.492" level="INFO">Send command to eggPlant server: 'if EggplantVersion().eggplant &lt; "21.1.0" then LogWarning !"Incompatible eggplant version detected - [[EggplantVersion().eggplant]]. Min. version required - 21.1.0. See README for more information."'</msg>
<msg timestamp="20220120 10:44:24.531" level="INFO">Execution duration: 0.000999927521</msg>
<msg timestamp="20220120 10:44:24.531" level="INFO">Command output:</msg>
<msg timestamp="20220120 10:44:24.531" level="INFO" html="true"/>
<msg timestamp="20220120 10:44:24.531" level="INFO">Return value: {'Duration': 0.006999969482, 'Errors': 0.0, 'Exceptions': 0.0, 'LogFile': 'D:/DEV/robotframework-eggplant/tests/keywords/eggPlantScripts/SuiteOne.suite/Results/SomeSubmodule/OneMoreSubSubmodule/echo/20220119_141716.776/LogFile.txt', 'ReturnValue': 'hello', 'RunDate': &lt;DateTime '20220119T14:17:16' at 0x2ceaa125bb0&gt;, 'Status': 'Success', 'Successes': 1.0, 'Warnings': 0.0}</msg>
<status status="PASS" starttime="20220120 10:44:24.436" endtime="20220120 10:44:24.531"/>
</kw>
<test id="s1-s1-s1-t1" name="Comments and params">
<kw name="Empty Comments And Params" library="EggplantLibrary">
<arg>Hello world</arg>
<msg timestamp="20220120 10:44:24.532" level="INFO">Send command to eggPlant server: 'RunWithNewResults "emptyCommentsAndParams", "Hello world",'</msg>
<msg timestamp="20220120 10:44:24.911" level="INFO">Execution duration: 0.350999951363</msg>
<msg timestamp="20220120 10:44:24.911" level="INFO">Command output:</msg>
<msg timestamp="20220120 10:44:24.911" level="INFO" html="true">20.01.22, 09:44:24	START		Running emptyCommentsAndParams.script
20.01.22, 09:44:24	EndTestCase		(Duration:"0.001", Errors:"0", Exceptions:"0", StartTime:"2022-01-20 09:44:24 +0000", Successes:"1", TestCase:"emptyCommentsAndParams.script", Warnings:"0")
20.01.22, 09:44:24	SUCCESS		Execution Time 0:00:00 emptyCommentsAndParams.script
</msg>
<msg timestamp="20220120 10:44:24.912" level="INFO">Return value: </msg>
<status status="PASS" starttime="20220120 10:44:24.532" endtime="20220120 10:44:24.912"/>
</kw>
<status status="PASS" starttime="20220120 10:44:24.532" endtime="20220120 10:44:24.912"/>
</test>
<test id="s1-s1-s1-t2" name="Deprecating">
<kw name="Deprecated Keyword" library="EggplantLibrary">
<doc>*DEPRECATED!* - use `listParams` instead
This keyword is deprecated - so RF log should contain a warning about it</doc>
<msg timestamp="20220120 10:44:24.915" level="WARN">Keyword 'EggplantLibrary.Deprecated Keyword' is deprecated. - use `listParams` instead
This keyword is deprecated - so RF log should contain a warning about it</msg>
<msg timestamp="20220120 10:44:24.916" level="INFO">Send command to eggPlant server: 'RunWithNewResults "deprecatedKeyword",'</msg>
<msg timestamp="20220120 10:44:25.086" level="INFO">Execution duration: 0.15499997139</msg>
<msg timestamp="20220120 10:44:25.086" level="INFO">Command output:</msg>
<msg timestamp="20220120 10:44:25.086" level="INFO" html="true">20.01.22, 09:44:24	START		Running deprecatedKeyword.script
20.01.22, 09:44:24	Log		hello world
20.01.22, 09:44:24	EndTestCase		(Duration:"0.004", Errors:"0", Exceptions:"0", StartTime:"2022-01-20 09:44:24 +0000", Successes:"1", TestCase:"deprecatedKeyword.script", Warnings:"0")
20.01.22, 09:44:25	SUCCESS		Execution Time 0:00:00 deprecatedKeyword.script
</msg>
<msg timestamp="20220120 10:44:25.086" level="INFO">Return value: </msg>
<status status="PASS" starttime="20220120 10:44:24.915" endtime="20220120 10:44:25.086"/>
</kw>
<doc>WARNING is expected! Calling a deprecated keyword should make RF give it.</doc>
<status status="PASS" starttime="20220120 10:44:24.914" endtime="20220120 10:44:25.087"/>
</test>
<kw name="Close Session" library="EggplantLibrary" type="TEARDOWN">
<doc>Closes the session with the specified eggPlant Suite.
Has to be called after test execution before opening a new session with the same eggPlant Suite.
If the requested session is not open, a warning is logged.</doc>
<status status="PASS" starttime="20220120 10:44:25.088" endtime="20220120 10:44:25.103"/>
</kw>
<status status="PASS" starttime="20220120 10:44:24.028" endtime="20220120 10:44:25.103"/>
</suite>
<suite id="s1-s1-s2" name="Connection" source="D:\DEV\robotframework-eggplant\tests\tests\Connection.robot">
<test id="s1-s1-s2-t1" name="Connect to eggDrive">
<kw name="Set Eggdrive Connection" library="EggplantLibrary">
<arg>host=http://localhost</arg>
<arg>port=5400</arg>
<doc>Defines connection to running instance of eggPlant in the eggDrive mode
(XML RPC Server).</doc>
<status status="PASS" starttime="20220120 10:44:25.112" endtime="20220120 10:44:25.114"/>
</kw>
<kw name="Open Session" library="EggplantLibrary">
<doc>Opens a session with the specified eggPlant Suite.
Has to be called before test execution.
The keyword also checks current eggpPant version and logs a warning in case of incompatibility.</doc>
<msg timestamp="20220120 10:44:27.220" level="INFO">Send command to eggPlant server: 'if EggplantVersion().eggplant &lt; "21.1.0" then LogWarning !"Incompatible eggplant version detected - [[EggplantVersion().eggplant]]. Min. version required - 21.1.0. See README for more information."'</msg>
<msg timestamp="20220120 10:44:29.271" level="INFO">Execution duration: 0.00100004673</msg>
<msg timestamp="20220120 10:44:29.271" level="INFO">Command output:</msg>
<msg timestamp="20220120 10:44:29.271" level="INFO" html="true"/>
<msg timestamp="20220120 10:44:29.271" level="INFO">Return value: {'Duration': 0.009999990463, 'Errors': 0.0, 'Exceptions': 0.0, 'LogFile': 'D:/DEV/robotframework-eggplant/tests/keywords/eggPlantScripts/SuiteOne.suite/Results/deprecatedKeyword/20220120_094424.975/LogFile.txt', 'ReturnValue': '', 'RunDate': &lt;DateTime '20220120T09:44:24' at 0x2ceaa163850&gt;, 'Status': 'Success', 'Successes': 1.0, 'Warnings': 0.0}</msg>
<status status="PASS" starttime="20220120 10:44:25.115" endtime="20220120 10:44:29.271"/>
</kw>
<kw name="Close Session" library="EggplantLibrary" type="TEARDOWN">
<doc>Closes the session with the specified eggPlant Suite.
Has to be called after test execution before opening a new session with the same eggPlant Suite.
If the requested session is not open, a warning is logged.</doc>
<status status="PASS" starttime="20220120 10:44:29.272" endtime="20220120 10:44:31.317"/>
</kw>
<status status="PASS" starttime="20220120 10:44:25.111" endtime="20220120 10:44:31.317"/>
</test>
<test id="s1-s1-s2-t2" name="Session BUSY - error if not closed properly">
<kw name="Open Session" library="EggplantLibrary">
<doc>Opens a session with the specified eggPlant Suite.
Has to be called before test execution.
The keyword also checks current eggpPant version and logs a warning in case of incompatibility.</doc>
<status status="PASS" starttime="20220120 10:44:31.319" endtime="20220120 10:44:33.411"/>
</kw>
<kw name="Run Keyword And Expect Error" library="BuiltIn">
<arg>*BUSY: Session in progress*</arg>
<arg>Open session</arg>
<arg>close_previously_open_session=${FALSE}</arg>
<doc>Runs the keyword and checks that the expected error occurred.</doc>
<kw name="Open Session" library="EggplantLibrary">
<arg>close_previously_open_session=${FALSE}</arg>
<doc>Opens a session with the specified eggPlant Suite.
Has to be called before test execution.
The keyword also checks current eggpPant version and logs a warning in case of incompatibility.</doc>
<msg timestamp="20220120 10:44:35.473" level="FAIL">Fault: &lt;Fault 2: 'BUSY: Session in progress'&gt;</msg>
<status status="FAIL" starttime="20220120 10:44:33.412" endtime="20220120 10:44:35.474"/>
</kw>
<status status="PASS" starttime="20220120 10:44:33.411" endtime="20220120 10:44:35.474"/>
</kw>
<kw name="Close Session" library="EggplantLibrary" type="TEARDOWN">
<doc>Closes the session with the specified eggPlant Suite.
Has to be called after test execution before opening a new session with the same eggPlant Suite.
If the requested session is not open, a warning is logged.</doc>
<status status="PASS" starttime="20220120 10:44:35.475" endtime="20220120 10:44:37.523"/>
</kw>
<status status="PASS" starttime="20220120 10:44:31.319" endtime="20220120 10:44:37.523"/>
</test>
<test id="s1-s1-s2-t3" name="Session BUSY - close automatically">
<kw name="Open Session" library="EggplantLibrary">
<doc>Opens a session with the specified eggPlant Suite.
Has to be called before test execution.
The keyword also checks current eggpPant version and logs a warning in case of incompatibility.</doc>
<status status="PASS" starttime="20220120 10:44:37.526" endtime="20220120 10:44:39.607"/>
</kw>
<kw name="Open Session" library="EggplantLibrary">
<doc>Opens a session with the specified eggPlant Suite.
Has to be called before test execution.
The keyword also checks current eggpPant version and logs a warning in case of incompatibility.</doc>
<msg timestamp="20220120 10:44:41.658" level="INFO">Old session busy - close it automatically</msg>
<status status="PASS" starttime="20220120 10:44:39.607" endtime="20220120 10:44:45.801"/>
</kw>
<kw name="Close Session" library="EggplantLibrary" type="TEARDOWN">
<doc>Closes the session with the specified eggPlant Suite.
Has to be called after test execution before opening a new session with the same eggPlant Suite.
If the requested session is not open, a warning is logged.</doc>
<status status="PASS" starttime="20220120 10:44:45.802" endtime="20220120 10:44:47.859"/>
</kw>
<status status="PASS" starttime="20220120 10:44:37.525" endtime="20220120 10:44:47.860"/>
</test>
<status status="PASS" starttime="20220120 10:44:25.105" endtime="20220120 10:44:47.861"/>
</suite>
<suite id="s1-s1-s3" name="DebugInfo" source="D:\DEV\robotframework-eggplant\tests\tests\DebugInfo.robot">
<kw name="Open Session" library="EggplantLibrary" type="SETUP">
<doc>Opens a session with the specified eggPlant Suite.
Has to be called before test execution.
The keyword also checks current eggpPant version and logs a warning in case of incompatibility.</doc>
<msg timestamp="20220120 10:44:47.924" level="INFO">Send command to eggPlant server: 'if EggplantVersion().eggplant &lt; "21.1.0" then LogWarning !"Incompatible eggplant version detected - [[EggplantVersion().eggplant]]. Min. version required - 21.1.0. See README for more information."'</msg>
<msg timestamp="20220120 10:44:47.965" level="INFO">Execution duration: 0.00100004673</msg>
<msg timestamp="20220120 10:44:47.965" level="INFO">Command output:</msg>
<msg timestamp="20220120 10:44:47.965" level="INFO" html="true"/>
<msg timestamp="20220120 10:44:47.965" level="INFO">Return value: {'Duration': 0.009999990463, 'Errors': 0.0, 'Exceptions': 0.0, 'LogFile': 'D:/DEV/robotframework-eggplant/tests/keywords/eggPlantScripts/SuiteOne.suite/Results/deprecatedKeyword/20220120_094424.975/LogFile.txt', 'ReturnValue': '', 'RunDate': &lt;DateTime '20220120T09:44:24' at 0x2cea9fadaf0&gt;, 'Status': 'Success', 'Successes': 1.0, 'Warnings': 0.0}</msg>
<status status="PASS" starttime="20220120 10:44:47.869" endtime="20220120 10:44:47.965"/>
</kw>
<test id="s1-s1-s3-t1" name="OCR ReadText - full screen">
<kw name="Connect Screenshot SUT" library="common" type="SETUP">
<kw name="Connect Sut" library="EggplantLibrary">
<arg>{Type:"screenshot", name:"${SUT screenshot file}"}</arg>
<doc>Opens a VNC or RDP connection with a SUT / makes it the active connection.</doc>
<msg timestamp="20220120 10:44:47.967" level="INFO">Send command to eggPlant server: 'connect {Type:"screenshot", name:"D:\DEV\robotframework-eggplant\tests\keywords/../SUT-Screenshot.png"}'</msg>
<msg timestamp="20220120 10:44:48.158" level="INFO">Execution duration: 0.164000034332</msg>
<msg timestamp="20220120 10:44:48.158" level="INFO">Command output:</msg>
<msg timestamp="20220120 10:44:48.158" level="INFO" html="true">20.01.22, 09:44:48	connect		D:\DEV\robotframework-eggplant\tests\keywords/../SUT-Screenshot.png:(null)
</msg>
<msg timestamp="20220120 10:44:48.158" level="INFO">Return value: {'Duration': 0.009999990463, 'Errors': 0.0, 'Exceptions': 0.0, 'LogFile': 'D:/DEV/robotframework-eggplant/tests/keywords/eggPlantScripts/SuiteOne.suite/Results/deprecatedKeyword/20220120_094424.975/LogFile.txt', 'ReturnValue': '', 'RunDate': &lt;DateTime '20220120T09:44:24' at 0x2ceaa148d30&gt;, 'Status': 'Success', 'Successes': 1.0, 'Warnings': 0.0}</msg>
<status status="PASS" starttime="20220120 10:44:47.966" endtime="20220120 10:44:48.158"/>
</kw>
<status status="PASS" starttime="20220120 10:44:47.966" endtime="20220120 10:44:48.158"/>
</kw>
<kw name="Run Keyword And Expect Error" library="BuiltIn">
<arg>${ImageRect error msg - full screen}</arg>
<arg>OCR Click Imagerectangle With Text</arg>
<arg>${MyText}</arg>
<arg>${Empty}</arg>
<doc>Runs the keyword and checks that the expected error occurred.</doc>
<kw name="Ocr Click Imagerectangle With Text" library="EggplantLibrary">
<arg>${MyText}</arg>
<arg>${Empty}</arg>
<doc>Looks for a specified text using OCR and performs a mouse click.
The optional parameter 'searchRect' defines the search rectangle. The full screen is used by default</doc>
<msg timestamp="20220120 10:44:48.160" level="INFO">Send command to eggPlant server: 'RunWithNewResults "ocrClickImagerectangleWithText", "This text will be never found", "",'</msg>
<msg timestamp="20220120 10:44:50.929" level="INFO">Execution duration: 2.728999972343</msg>
<msg timestamp="20220120 10:44:50.929" level="INFO">Command output:</msg>
<msg timestamp="20220120 10:44:50.929" level="INFO" html="true">20.01.22, 09:44:48	START		Running ocrClickImagerectangleWithText.script
20.01.22, 09:44:50	Exception	(TEXT:"This text will be never found")	Unable To Find Image "(TEXT:"This text will be never found")". Text not found.
20.01.22, 09:44:50	EndTestCase		(Duration:"2.21", Errors:"1", Exceptions:"1", StartTime:"2022-01-20 09:44:48 +0000", Successes:"0", TestCase:"ocrClickImagerectangleWithText.script", Warnings:"0")
20.01.22, 09:44:50	FAILURE	Screen_Error.png	Image Not Found: imagerectangle Error - Unable To Find Image "(TEXT:"This text will be never found")". Text not found. -- Execution Time 0:00:02 ocrClickImagerectangleWithText.script
</msg>
<msg timestamp="20220120 10:44:50.930" level="INFO">Screenshot rectangle: Full screen</msg>
<msg timestamp="20220120 10:44:51.202" level="INFO" html="true">Screenshot: &lt;a href="Screenshots\Screenshot__2022-01-20__10_44_50__929410.png"&gt;Screenshot__2022-01-20__10_44_50__929410.png&lt;/a&gt;&lt;td&gt;&lt;/td&gt;&lt;/tr&gt;&lt;tr&gt;&lt;td colspan="3"&gt;&lt;a href="Screenshots\Screenshot__2022-01-20__10_44_50__929410.png"&gt;&lt;img src="Screenshots\Screenshot__2022-01-20__10_44_50__929410.png" height="350px"&gt;&lt;/a&gt;&lt;/td&gt;&lt;/tr&gt;</msg>
<msg timestamp="20220120 10:44:51.203" level="FAIL">ocrClickImagerectangleWithText: Image Not Found -- imagerectangle Error - Unable To Find Image "(TEXT:"This text will be never found")". Text not found.</msg>
<status status="FAIL" starttime="20220120 10:44:48.159" endtime="20220120 10:44:51.203"/>
</kw>
<status status="PASS" starttime="20220120 10:44:48.159" endtime="20220120 10:44:51.203"/>
</kw>
<kw name="Run Keyword And Expect Error" library="BuiltIn">
<arg>${Click error msg - full screen}</arg>
<arg>OCR Click Text</arg>
<arg>${MyText}</arg>
<arg>${Empty}</arg>
<doc>Runs the keyword and checks that the expected error occurred.</doc>
<kw name="Ocr Click Text" library="EggplantLibrary">
<arg>${MyText}</arg>
<arg>${Empty}</arg>
<doc>Looks for a specified text using OCR and performs a mouse click.
The optional parameter 'searchRect' defines the search rectangle. The full screen is used by default</doc>
<msg timestamp="20220120 10:44:51.205" level="INFO">Send command to eggPlant server: 'RunWithNewResults "ocrClickText", "This text will be never found", "",'</msg>
<msg timestamp="20220120 10:44:53.871" level="INFO">Execution duration: 2.641999959946</msg>
<msg timestamp="20220120 10:44:53.871" level="INFO">Command output:</msg>
<msg timestamp="20220120 10:44:53.871" level="INFO" html="true">20.01.22, 09:44:51	START		Running ocrClickText.script
20.01.22, 09:44:53	Exception	(TEXT:"This text will be never found")	No Text Found On Screen: "(TEXT:"This text will be never found")". Text not found.
20.01.22, 09:44:53	EndTestCase		(Duration:"2.201", Errors:"1", Exceptions:"1", StartTime:"2022-01-20 09:44:51 +0000", Successes:"0", TestCase:"ocrClickText.script", Warnings:"0")
20.01.22, 09:44:53	FAILURE	Screen_Error.png	Image Not Found: click Error - No Text Found On Screen: "(TEXT:"This text will be never found")". Text not found. -- Execution Time 0:00:02 ocrClickText.script
</msg>
<msg timestamp="20220120 10:44:53.872" level="INFO">Screenshot rectangle: Full screen</msg>
<msg timestamp="20220120 10:44:54.119" level="INFO" html="true">Screenshot: &lt;a href="Screenshots\Screenshot__2022-01-20__10_44_53__870941.png"&gt;Screenshot__2022-01-20__10_44_53__870941.png&lt;/a&gt;&lt;td&gt;&lt;/td&gt;&lt;/tr&gt;&lt;tr&gt;&lt;td colspan="3"&gt;&lt;a href="Screenshots\Screenshot__2022-01-20__10_44_53__870941.png"&gt;&lt;img src="Screenshots\Screenshot__2022-01-20__10_44_53__870941.png" height="350px"&gt;&lt;/a&gt;&lt;/td&gt;&lt;/tr&gt;</msg>
<msg timestamp="20220120 10:44:54.120" level="FAIL">ocrClickText: Image Not Found -- click Error - No Text Found On Screen: "(TEXT:"This text will be never found")". Text not found.</msg>
<status status="FAIL" starttime="20220120 10:44:51.204" endtime="20220120 10:44:54.120"/>
</kw>
<status status="PASS" starttime="20220120 10:44:51.204" endtime="20220120 10:44:54.120"/>
</kw>
<status status="PASS" starttime="20220120 10:44:47.965" endtime="20220120 10:44:54.121"/>
</test>
<test id="s1-s1-s3-t2" name="OCR ReadText - restricted search rectangle">
<kw name="Connect Screenshot SUT" library="common" type="SETUP">
<kw name="Connect Sut" library="EggplantLibrary">
<arg>{Type:"screenshot", name:"${SUT screenshot file}"}</arg>
<doc>Opens a VNC or RDP connection with a SUT / makes it the active connection.</doc>
<msg timestamp="20220120 10:44:54.123" level="INFO">Send command to eggPlant server: 'connect {Type:"screenshot", name:"D:\DEV\robotframework-eggplant\tests\keywords/../SUT-Screenshot.png"}'</msg>
<msg timestamp="20220120 10:44:54.138" level="INFO">Execution duration: 0.003000020981</msg>
<msg timestamp="20220120 10:44:54.138" level="INFO">Command output:</msg>
<msg timestamp="20220120 10:44:54.138" level="INFO" html="true">20.01.22, 09:44:54	connect		D:\DEV\robotframework-eggplant\tests\keywords/../SUT-Screenshot.png:(null)
</msg>
<msg timestamp="20220120 10:44:54.138" level="INFO">Return value: D:/DEV/robotframework-eggplant/out/Screenshots/Screenshot__2022-01-20__10_44_53__870941.png</msg>
<status status="PASS" starttime="20220120 10:44:54.123" endtime="20220120 10:44:54.138"/>
</kw>
<status status="PASS" starttime="20220120 10:44:54.123" endtime="20220120 10:44:54.138"/>
</kw>
<kw name="Run Keyword And Expect Error" library="BuiltIn">
<arg>${ImageRect error msg - restricted rect}</arg>
<arg>OCR Click Imagerectangle With Text</arg>
<arg>${MyText}</arg>
<arg>${MyRect}</arg>
<doc>Runs the keyword and checks that the expected error occurred.</doc>
<kw name="Ocr Click Imagerectangle With Text" library="EggplantLibrary">
<arg>${MyText}</arg>
<arg>${MyRect}</arg>
<doc>Looks for a specified text using OCR and performs a mouse click.
The optional parameter 'searchRect' defines the search rectangle. The full screen is used by default</doc>
<msg timestamp="20220120 10:44:54.140" level="INFO">Send command to eggPlant server: 'RunWithNewResults "ocrClickImagerectangleWithText", "This text will be never found", ((0,300),(200,500)),'</msg>
<msg timestamp="20220120 10:44:55.648" level="INFO">Execution duration: 1.478000044823</msg>
<msg timestamp="20220120 10:44:55.648" level="INFO">Command output:</msg>
<msg timestamp="20220120 10:44:55.648" level="INFO" html="true">20.01.22, 09:44:54	START		Running ocrClickImagerectangleWithText.script
20.01.22, 09:44:55	Exception	(TEXT:"This text will be never found")	Unable To Find Image "(TEXT:"This text will be never found")". Text not found.
20.01.22, 09:44:55	EndTestCase		(Duration:"1.093", Errors:"1", Exceptions:"1", StartTime:"2022-01-20 09:44:54 +0000", Successes:"0", TestCase:"ocrClickImagerectangleWithText.script", Warnings:"0")
20.01.22, 09:44:55	FAILURE	Screen_Error.png	Image Not Found: imagerectangle Error - Unable To Find Image "(TEXT:"This text will be never found")". Text not found.  Restricted Search Rectangle ((0,300),(200,500))
 -- Execution Time 0:00:01 ocrClickImagerectangleWithText.script
</msg>
<msg timestamp="20220120 10:44:55.648" level="INFO">----&gt; Performing OCR ReadText in the restricted search rectangle: ((0,300),(200,500)).
For results see the command output further in the log.
-----
</msg>
<msg timestamp="20220120 10:44:55.648" level="INFO">Send command to eggPlant server: 'log ReadText((0,300),(200,500))'</msg>
<msg timestamp="20220120 10:44:55.703" level="INFO">Execution duration: 0.019999980927</msg>
<msg timestamp="20220120 10:44:55.703" level="INFO">Command output:</msg>
<msg timestamp="20220120 10:44:55.703" level="INFO" html="true">20.01.22, 09:44:55	readtext		(0,300,200,500)
20.01.22, 09:44:55	Log		
</msg>
<msg timestamp="20220120 10:44:55.703" level="INFO">Return value: {'Duration': 1.099000096321, 'ErrorMessage': 'Image Not Found -- imagerectangle Error - Unable To Find Image "(TEXT:"This text will be never found")". Text not found.  Restricted Search Rectangle ((0,300),(200,500))\n', 'Errors': 1.0, 'Exceptions': 1.0, 'LogFile': 'D:/DEV/robotframework-eggplant/tests/keywords/eggPlantScripts/SuiteOne.suite/Results/ocrClickImagerectangleWithText/20220120_094454.282/LogFile.txt', 'ReturnValue': '', 'RunDate': &lt;DateTime '20220120T09:44:54' at 0x2ceaa1bad90&gt;, 'Status': 'Failure', 'Successes': 0.0, 'Warnings': 0.0}</msg>
<msg timestamp="20220120 10:44:55.703" level="INFO">Screenshot rectangle: Full screen</msg>
<msg timestamp="20220120 10:44:55.917" level="INFO">((0,300),(200,500))</msg>
<msg timestamp="20220120 10:44:56.135" level="INFO" html="true">Screenshot: &lt;a href="Screenshots\Screenshot__2022-01-20__10_44_55__702747.png"&gt;Screenshot__2022-01-20__10_44_55__702747.png&lt;/a&gt;&lt;td&gt;&lt;/td&gt;&lt;/tr&gt;&lt;tr&gt;&lt;td colspan="3"&gt;&lt;a href="Screenshots\Screenshot__2022-01-20__10_44_55__702747.png"&gt;&lt;img src="Screenshots\Screenshot__2022-01-20__10_44_55__702747.png" height="350px"&gt;&lt;/a&gt;&lt;/td&gt;&lt;/tr&gt;</msg>
<msg timestamp="20220120 10:44:56.135" level="FAIL">ocrClickImagerectangleWithText: Image Not Found -- imagerectangle Error - Unable To Find Image "(TEXT:"This text will be never found")". Text not found.  Restricted Search Rectangle ((0,300),(200,500))
</msg>
<status status="FAIL" starttime="20220120 10:44:54.140" endtime="20220120 10:44:56.135"/>
</kw>
<status status="PASS" starttime="20220120 10:44:54.140" endtime="20220120 10:44:56.136"/>
</kw>
<kw name="Run Keyword And Expect Error" library="BuiltIn">
<arg>${Click error msg - restricted rect}</arg>
<arg>OCR Click Text</arg>
<arg>${MyText}</arg>
<arg>${MyRect}</arg>
<doc>Runs the keyword and checks that the expected error occurred.</doc>
<kw name="Ocr Click Text" library="EggplantLibrary">
<arg>${MyText}</arg>
<arg>${MyRect}</arg>
<doc>Looks for a specified text using OCR and performs a mouse click.
The optional parameter 'searchRect' defines the search rectangle. The full screen is used by default</doc>
<msg timestamp="20220120 10:44:56.137" level="INFO">Send command to eggPlant server: 'RunWithNewResults "ocrClickText", "This text will be never found", ((0,300),(200,500)),'</msg>
<msg timestamp="20220120 10:44:57.543" level="INFO">Execution duration: 1.398999929428</msg>
<msg timestamp="20220120 10:44:57.543" level="INFO">Command output:</msg>
<msg timestamp="20220120 10:44:57.543" level="INFO" html="true">20.01.22, 09:44:56	START		Running ocrClickText.script
20.01.22, 09:44:57	Exception	(TEXT:"This text will be never found")	No Text Found On Screen: "(TEXT:"This text will be never found")". Text not found.
20.01.22, 09:44:57	EndTestCase		(Duration:"1.07", Errors:"1", Exceptions:"1", StartTime:"2022-01-20 09:44:56 +0000", Successes:"0", TestCase:"ocrClickText.script", Warnings:"0")
20.01.22, 09:44:57	FAILURE	Screen_Error.png	Image Not Found: click Error - No Text Found On Screen: "(TEXT:"This text will be never found")". Text not found.  Restricted Search Rectangle ((0,300),(200,500))
 -- Execution Time 0:00:01 ocrClickText.script
</msg>
<msg timestamp="20220120 10:44:57.543" level="INFO">----&gt; Performing OCR ReadText in the restricted search rectangle: ((0,300),(200,500)).
For results see the command output further in the log.
-----
</msg>
<msg timestamp="20220120 10:44:57.543" level="INFO">Send command to eggPlant server: 'log ReadText((0,300),(200,500))'</msg>
<msg timestamp="20220120 10:44:58.020" level="INFO">Execution duration: 0.43800008297</msg>
<msg timestamp="20220120 10:44:58.020" level="INFO">Command output:</msg>
<msg timestamp="20220120 10:44:58.020" level="INFO" html="true">20.01.22, 09:44:58	readtext		(0,300,200,500)
20.01.22, 09:44:58	Log		
</msg>
<msg timestamp="20220120 10:44:58.020" level="INFO">Return value: {'Duration': 1.075999975204, 'ErrorMessage': 'Image Not Found -- click Error - No Text Found On Screen: "(TEXT:"This text will be never found")". Text not found.  Restricted Search Rectangle ((0,300),(200,500))\n', 'Errors': 1.0, 'Exceptions': 1.0, 'LogFile': 'D:/DEV/robotframework-eggplant/tests/keywords/eggPlantScripts/SuiteOne.suite/Results/ocrClickText/20220120_094456.222/LogFile.txt', 'ReturnValue': '', 'RunDate': &lt;DateTime '20220120T09:44:56' at 0x2ceaa1ba3a0&gt;, 'Status': 'Failure', 'Successes': 0.0, 'Warnings': 0.0}</msg>
<msg timestamp="20220120 10:44:58.021" level="INFO">Screenshot rectangle: Full screen</msg>
<msg timestamp="20220120 10:44:58.267" level="INFO">((0,300),(200,500))</msg>
<msg timestamp="20220120 10:44:58.465" level="INFO" html="true">Screenshot: &lt;a href="Screenshots\Screenshot__2022-01-20__10_44_58__019567.png"&gt;Screenshot__2022-01-20__10_44_58__019567.png&lt;/a&gt;&lt;td&gt;&lt;/td&gt;&lt;/tr&gt;&lt;tr&gt;&lt;td colspan="3"&gt;&lt;a href="Screenshots\Screenshot__2022-01-20__10_44_58__019567.png"&gt;&lt;img src="Screenshots\Screenshot__2022-01-20__10_44_58__019567.png" height="350px"&gt;&lt;/a&gt;&lt;/td&gt;&lt;/tr&gt;</msg>
<msg timestamp="20220120 10:44:58.466" level="FAIL">ocrClickText: Image Not Found -- click Error - No Text Found On Screen: "(TEXT:"This text will be never found")". Text not found.  Restricted Search Rectangle ((0,300),(200,500))
</msg>
<status status="FAIL" starttime="20220120 10:44:56.137" endtime="20220120 10:44:58.466"/>
</kw>
<status status="PASS" starttime="20220120 10:44:56.136" endtime="20220120 10:44:58.466"/>
</kw>
<status status="PASS" starttime="20220120 10:44:54.122" endtime="20220120 10:44:58.467"/>
</test>
<kw name="Close Session" library="EggplantLibrary" type="TEARDOWN">
<doc>Closes the session with the specified eggPlant Suite.
Has to be called after test execution before opening a new session with the same eggPlant Suite.
If the requested session is not open, a warning is logged.</doc>
<status status="PASS" starttime="20220120 10:44:58.468" endtime="20220120 10:44:58.476"/>
</kw>
<status status="PASS" starttime="20220120 10:44:47.863" endtime="20220120 10:44:58.476"/>
</suite>
<suite id="s1-s1-s4" name="Errors" source="D:\DEV\robotframework-eggplant\tests\tests\Errors.robot">
<kw name="Open Session" library="EggplantLibrary" type="SETUP">
<doc>Opens a session with the specified eggPlant Suite.
Has to be called before test execution.
The keyword also checks current eggpPant version and logs a warning in case of incompatibility.</doc>
<msg timestamp="20220120 10:44:58.545" level="INFO">Send command to eggPlant server: 'if EggplantVersion().eggplant &lt; "21.1.0" then LogWarning !"Incompatible eggplant version detected - [[EggplantVersion().eggplant]]. Min. version required - 21.1.0. See README for more information."'</msg>
<msg timestamp="20220120 10:44:58.578" level="INFO">Execution duration: 0.0</msg>
<msg timestamp="20220120 10:44:58.578" level="INFO">Command output:</msg>
<msg timestamp="20220120 10:44:58.578" level="INFO" html="true"/>
<msg timestamp="20220120 10:44:58.578" level="INFO">Return value: D:/DEV/robotframework-eggplant/out/Screenshots/Screenshot__2022-01-20__10_44_58__019567.png</msg>
<status status="PASS" starttime="20220120 10:44:58.483" endtime="20220120 10:44:58.578"/>
</kw>
<test id="s1-s1-s4-t1" name="Test with failing keyword">
<kw name="Connect Screenshot SUT" library="common" type="SETUP">
<kw name="Connect Sut" library="EggplantLibrary">
<arg>{Type:"screenshot", name:"${SUT screenshot file}"}</arg>
<doc>Opens a VNC or RDP connection with a SUT / makes it the active connection.</doc>
<msg timestamp="20220120 10:44:58.579" level="INFO">Send command to eggPlant server: 'connect {Type:"screenshot", name:"D:\DEV\robotframework-eggplant\tests\keywords/../SUT-Screenshot.png"}'</msg>
<msg timestamp="20220120 10:44:58.595" level="INFO">Execution duration: 0.00200009346</msg>
<msg timestamp="20220120 10:44:58.596" level="INFO">Command output:</msg>
<msg timestamp="20220120 10:44:58.596" level="INFO" html="true">20.01.22, 09:44:58	connect		D:\DEV\robotframework-eggplant\tests\keywords/../SUT-Screenshot.png:(null)
</msg>
<msg timestamp="20220120 10:44:58.596" level="INFO">Return value: D:/DEV/robotframework-eggplant/out/Screenshots/Screenshot__2022-01-20__10_44_58__019567.png</msg>
<status status="PASS" starttime="20220120 10:44:58.579" endtime="20220120 10:44:58.596"/>
</kw>
<status status="PASS" starttime="20220120 10:44:58.578" endtime="20220120 10:44:58.596"/>
</kw>
<kw name="Run Keyword And Expect Error" library="BuiltIn">
<arg>${error1}</arg>
<arg>Check Input In Notepad</arg>
<arg>${wrongExpectedText1}</arg>
<doc>Runs the keyword and checks that the expected error occurred.</doc>
<kw name="Check Input In Notepad" library="EggplantLibrary">
<arg>${wrongExpectedText1}</arg>
<tag>regression</tag>
<tag>smoke</tag>
<msg timestamp="20220120 10:44:58.597" level="INFO">Send command to eggPlant server: 'RunWithNewResults "checkInputInNotepad", "Wrong Test",'</msg>
<msg timestamp="20220120 10:44:59.536" level="INFO">Execution duration: 0.910999894142</msg>
<msg timestamp="20220120 10:44:59.536" level="INFO">Command output:</msg>
<msg timestamp="20220120 10:44:59.536" level="INFO" html="true">20.01.22, 09:44:58	START		Running checkInputInNotepad.script
20.01.22, 09:44:59	readtext		(46,257)
20.01.22, 09:44:59	EndTestCase		(Duration:"0.231", Errors:"1", Exceptions:"0", StartTime:"2022-01-20 09:44:58 +0000", Successes:"0", TestCase:"checkInputInNotepad.script", Warnings:"0")
20.01.22, 09:44:59	FAILURE	Screen_Error.png	AssertionFailed:  (assertion: actual=expected; actually: Hello World IS NOT equal to Wrong Test) -- Execution Time 0:00:00 checkInputInNotepad.script
</msg>
<msg timestamp="20220120 10:44:59.537" level="INFO">Screenshot rectangle: Full screen</msg>
<msg timestamp="20220120 10:44:59.772" level="INFO" html="true">Screenshot: &lt;a href="Screenshots\Screenshot__2022-01-20__10_44_59__535685.png"&gt;Screenshot__2022-01-20__10_44_59__535685.png&lt;/a&gt;&lt;td&gt;&lt;/td&gt;&lt;/tr&gt;&lt;tr&gt;&lt;td colspan="3"&gt;&lt;a href="Screenshots\Screenshot__2022-01-20__10_44_59__535685.png"&gt;&lt;img src="Screenshots\Screenshot__2022-01-20__10_44_59__535685.png" height="350px"&gt;&lt;/a&gt;&lt;/td&gt;&lt;/tr&gt;</msg>
<msg timestamp="20220120 10:44:59.772" level="FAIL">checkInputInNotepad: AssertionFailed --  (assertion: actual=expected; actually: Hello World IS NOT equal to Wrong Test)</msg>
<status status="FAIL" starttime="20220120 10:44:58.597" endtime="20220120 10:44:59.772"/>
</kw>
<status status="PASS" starttime="20220120 10:44:58.597" endtime="20220120 10:44:59.773"/>
</kw>
<status status="PASS" starttime="20220120 10:44:58.578" endtime="20220120 10:44:59.774"/>
</test>
<test id="s1-s1-s4-t2" name="Test with another failing keyword - one word string param">
<kw name="Connect Screenshot SUT" library="common" type="SETUP">
<kw name="Connect Sut" library="EggplantLibrary">
<arg>{Type:"screenshot", name:"${SUT screenshot file}"}</arg>
<doc>Opens a VNC or RDP connection with a SUT / makes it the active connection.</doc>
<msg timestamp="20220120 10:44:59.776" level="INFO">Send command to eggPlant server: 'connect {Type:"screenshot", name:"D:\DEV\robotframework-eggplant\tests\keywords/../SUT-Screenshot.png"}'</msg>
<msg timestamp="20220120 10:44:59.795" level="INFO">Execution duration: 0.003000020981</msg>
<msg timestamp="20220120 10:44:59.795" level="INFO">Command output:</msg>
<msg timestamp="20220120 10:44:59.795" level="INFO" html="true">20.01.22, 09:44:59	connect		D:\DEV\robotframework-eggplant\tests\keywords/../SUT-Screenshot.png:(null)
</msg>
<msg timestamp="20220120 10:44:59.795" level="INFO">Return value: D:/DEV/robotframework-eggplant/out/Screenshots/Screenshot__2022-01-20__10_44_59__535685.png</msg>
<status status="PASS" starttime="20220120 10:44:59.776" endtime="20220120 10:44:59.795"/>
</kw>
<status status="PASS" starttime="20220120 10:44:59.776" endtime="20220120 10:44:59.795"/>
</kw>
<kw name="Run Keyword And Expect Error" library="BuiltIn">
<arg>${error2}</arg>
<arg>Check Input In Notepad</arg>
<arg>${wrongExpectedText2}</arg>
<doc>Runs the keyword and checks that the expected error occurred.</doc>
<kw name="Check Input In Notepad" library="EggplantLibrary">
<arg>${wrongExpectedText2}</arg>
<tag>regression</tag>
<tag>smoke</tag>
<msg timestamp="20220120 10:44:59.796" level="INFO">Send command to eggPlant server: 'RunWithNewResults "checkInputInNotepad", "SomethinWrongText",'</msg>
<msg timestamp="20220120 10:45:00.568" level="INFO">Execution duration: 0.745000004768</msg>
<msg timestamp="20220120 10:45:00.568" level="INFO">Command output:</msg>
<msg timestamp="20220120 10:45:00.568" level="INFO" html="true">20.01.22, 09:44:59	START		Running checkInputInNotepad.script
20.01.22, 09:45:00	readtext		(46,257)
20.01.22, 09:45:00	EndTestCase		(Duration:"0.228", Errors:"1", Exceptions:"0", StartTime:"2022-01-20 09:45:00 +0000", Successes:"0", TestCase:"checkInputInNotepad.script", Warnings:"0")
20.01.22, 09:45:00	FAILURE	Screen_Error.png	AssertionFailed:  (assertion: actual=expected; actually: Hello World IS NOT equal to SomethinWrongText) -- Execution Time 0:00:00 checkInputInNotepad.script
</msg>
<msg timestamp="20220120 10:45:00.568" level="INFO">Screenshot rectangle: Full screen</msg>
<msg timestamp="20220120 10:45:00.849" level="INFO" html="true">Screenshot: &lt;a href="Screenshots\Screenshot__2022-01-20__10_45_00__568244.png"&gt;Screenshot__2022-01-20__10_45_00__568244.png&lt;/a&gt;&lt;td&gt;&lt;/td&gt;&lt;/tr&gt;&lt;tr&gt;&lt;td colspan="3"&gt;&lt;a href="Screenshots\Screenshot__2022-01-20__10_45_00__568244.png"&gt;&lt;img src="Screenshots\Screenshot__2022-01-20__10_45_00__568244.png" height="350px"&gt;&lt;/a&gt;&lt;/td&gt;&lt;/tr&gt;</msg>
<msg timestamp="20220120 10:45:00.850" level="FAIL">checkInputInNotepad: AssertionFailed --  (assertion: actual=expected; actually: Hello World IS NOT equal to SomethinWrongText)</msg>
<status status="FAIL" starttime="20220120 10:44:59.796" endtime="20220120 10:45:00.850"/>
</kw>
<status status="PASS" starttime="20220120 10:44:59.796" endtime="20220120 10:45:00.850"/>
</kw>
<status status="PASS" starttime="20220120 10:44:59.775" endtime="20220120 10:45:00.851"/>
</test>
<kw name="Close Session" library="EggplantLibrary" type="TEARDOWN">
<doc>Closes the session with the specified eggPlant Suite.
Has to be called after test execution before opening a new session with the same eggPlant Suite.
If the requested session is not open, a warning is logged.</doc>
<status status="PASS" starttime="20220120 10:45:00.852" endtime="20220120 10:45:00.882"/>
</kw>
<status status="PASS" starttime="20220120 10:44:58.477" endtime="20220120 10:45:00.882"/>
</suite>
<suite id="s1-s1-s5" name="Logging" source="D:\DEV\robotframework-eggplant\tests\tests\Logging.robot">
<kw name="Open Session" library="EggplantLibrary" type="SETUP">
<doc>Opens a session with the specified eggPlant Suite.
Has to be called before test execution.
The keyword also checks current eggpPant version and logs a warning in case of incompatibility.</doc>
<msg timestamp="20220120 10:45:00.947" level="INFO">Send command to eggPlant server: 'if EggplantVersion().eggplant &lt; "21.1.0" then LogWarning !"Incompatible eggplant version detected - [[EggplantVersion().eggplant]]. Min. version required - 21.1.0. See README for more information."'</msg>
<msg timestamp="20220120 10:45:00.985" level="INFO">Execution duration: 0.0</msg>
<msg timestamp="20220120 10:45:00.985" level="INFO">Command output:</msg>
<msg timestamp="20220120 10:45:00.985" level="INFO" html="true"/>
<msg timestamp="20220120 10:45:00.985" level="INFO">Return value: D:/DEV/robotframework-eggplant/out/Screenshots/Screenshot__2022-01-20__10_45_00__568244.png</msg>
<status status="PASS" starttime="20220120 10:45:00.888" endtime="20220120 10:45:00.985"/>
</kw>
<test id="s1-s1-s5-t1" name="Warnings">
<kw name="Log Warning In Eggplant" library="EggplantLibrary">
<arg>${my log msg}</arg>
<doc>Logs a given parameter value as a waning message</doc>
<msg timestamp="20220120 10:45:00.986" level="INFO">Send command to eggPlant server: 'RunWithNewResults "logWarningInEggplant", "This message should appear as warning!",'</msg>
<msg timestamp="20220120 10:45:01.142" level="INFO">Execution duration: 0.141000032425</msg>
<msg timestamp="20220120 10:45:01.142" level="INFO">Command output:</msg>
<msg timestamp="20220120 10:45:01.142" level="INFO" html="true">20.01.22, 09:45:01	START		Running logWarningInEggplant.script
20.01.22, 09:45:01	LogWarning		This message should appear as warning!
20.01.22, 09:45:01	EndTestCase		(Duration:"0.005", Errors:"0", Exceptions:"0", StartTime:"2022-01-20 09:45:01 +0000", Successes:"1", TestCase:"logWarningInEggplant.script", Warnings:"1")
20.01.22, 09:45:01	SUCCESS		Execution Time 0:00:00 logWarningInEggplant.script
</msg>
<msg timestamp="20220120 10:45:01.142" level="WARN">This message should appear as warning!</msg>
<msg timestamp="20220120 10:45:01.143" level="INFO">Return value: </msg>
<status status="PASS" starttime="20220120 10:45:00.985" endtime="20220120 10:45:01.143"/>
</kw>
<status status="PASS" starttime="20220120 10:45:00.985" endtime="20220120 10:45:01.144"/>
</test>
<kw name="Close Session" library="EggplantLibrary" type="TEARDOWN">
<doc>Closes the session with the specified eggPlant Suite.
Has to be called after test execution before opening a new session with the same eggPlant Suite.
If the requested session is not open, a warning is logged.</doc>
<status status="PASS" starttime="20220120 10:45:01.145" endtime="20220120 10:45:01.173"/>
</kw>
<status status="PASS" starttime="20220120 10:45:00.884" endtime="20220120 10:45:01.173"/>
</suite>
<suite id="s1-s1-s6" name="Movie" source="D:\DEV\robotframework-eggplant\tests\tests\Movie.robot">
<kw name="Open Session" library="EggplantLibrary" type="SETUP">
<doc>Opens a session with the specified eggPlant Suite.
Has to be called before test execution.
The keyword also checks current eggpPant version and logs a warning in case of incompatibility.</doc>
<msg timestamp="20220120 10:45:01.243" level="INFO">Send command to eggPlant server: 'if EggplantVersion().eggplant &lt; "21.1.0" then LogWarning !"Incompatible eggplant version detected - [[EggplantVersion().eggplant]]. Min. version required - 21.1.0. See README for more information."'</msg>
<msg timestamp="20220120 10:45:01.293" level="INFO">Execution duration: 0.0</msg>
<msg timestamp="20220120 10:45:01.293" level="INFO">Command output:</msg>
<msg timestamp="20220120 10:45:01.293" level="INFO" html="true"/>
<msg timestamp="20220120 10:45:01.293" level="INFO">Return value: {'Duration': 0.011000037193, 'Errors': 0.0, 'Exceptions': 0.0, 'LogFile': 'D:/DEV/robotframework-eggplant/tests/keywords/eggPlantScripts/SuiteOne.suite/Results/logWarningInEggplant/20220120_094501.036/LogFile.txt', 'ReturnValue': '', 'RunDate': &lt;DateTime '20220120T09:45:01' at 0x2ceaa1ba1c0&gt;, 'Status': 'Success', 'Successes': 1.0, 'Warnings': 1.0}</msg>
<status status="PASS" starttime="20220120 10:45:01.182" endtime="20220120 10:45:01.293"/>
</kw>
<test id="s1-s1-s6-t1" name="Start and stop movie manually">
<kw name="Connect Screenshot SUT" library="common" type="SETUP">
<kw name="Connect Sut" library="EggplantLibrary">
<arg>{Type:"screenshot", name:"${SUT screenshot file}"}</arg>
<doc>Opens a VNC or RDP connection with a SUT / makes it the active connection.</doc>
<msg timestamp="20220120 10:45:01.294" level="INFO">Send command to eggPlant server: 'connect {Type:"screenshot", name:"D:\DEV\robotframework-eggplant\tests\keywords/../SUT-Screenshot.png"}'</msg>
<msg timestamp="20220120 10:45:01.326" level="INFO">Execution duration: 0.003000020981</msg>
<msg timestamp="20220120 10:45:01.326" level="INFO">Command output:</msg>
<msg timestamp="20220120 10:45:01.326" level="INFO" html="true">20.01.22, 09:45:01	connect		D:\DEV\robotframework-eggplant\tests\keywords/../SUT-Screenshot.png:(null)
</msg>
<msg timestamp="20220120 10:45:01.326" level="INFO">Return value: {'Duration': 0.011000037193, 'Errors': 0.0, 'Exceptions': 0.0, 'LogFile': 'D:/DEV/robotframework-eggplant/tests/keywords/eggPlantScripts/SuiteOne.suite/Results/logWarningInEggplant/20220120_094501.036/LogFile.txt', 'ReturnValue': '', 'RunDate': &lt;DateTime '20220120T09:45:01' at 0x2ceaa25e340&gt;, 'Status': 'Success', 'Successes': 1.0, 'Warnings': 1.0}</msg>
<status status="PASS" starttime="20220120 10:45:01.294" endtime="20220120 10:45:01.326"/>
</kw>
<status status="PASS" starttime="20220120 10:45:01.294" endtime="20220120 10:45:01.326"/>
</kw>
<kw name="Start Movie" library="EggplantLibrary">
<doc>Starts video recording into the specified file and returns the absolute path to it.</doc>
<msg timestamp="20220120 10:45:01.327" level="INFO">Send command to eggPlant server: 'StartMovie "D:\DEV\robotframework-eggplant\out\Movies\Movie__2022-01-20__10_45_01.mp4", framesPerSecond:15, compressionRate:1, imageHighlighting:True, extraTime:5'</msg>
<msg timestamp="20220120 10:45:01.391" level="INFO">Execution duration: 0.009999990463</msg>
<msg timestamp="20220120 10:45:01.391" level="INFO">Command output:</msg>
<msg timestamp="20220120 10:45:01.391" level="INFO" html="true">20.01.22, 09:45:01	startmovie		D:/DEV/robotframework-eggplant/out/Movies/Movie__2022-01-20__10_45_01.mp4
</msg>
<msg timestamp="20220120 10:45:01.391" level="INFO">Return value: {'Duration': 0.011000037193, 'Errors': 0.0, 'Exceptions': 0.0, 'LogFile': 'D:/DEV/robotframework-eggplant/tests/keywords/eggPlantScripts/SuiteOne.suite/Results/logWarningInEggplant/20220120_094501.036/LogFile.txt', 'ReturnValue': '', 'RunDate': &lt;DateTime '20220120T09:45:01' at 0x2ceaa256850&gt;, 'Status': 'Success', 'Successes': 1.0, 'Warnings': 1.0}</msg>
<msg timestamp="20220120 10:45:01.391" level="INFO">Start video recording</msg>
<msg timestamp="20220120 10:45:01.391" level="INFO" html="true">Video file path: &lt;a href="Movies\Movie__2022-01-20__10_45_01.mp4"&gt;Movie__2022-01-20__10_45_01.mp4&lt;/a&gt;</msg>
<msg timestamp="20220120 10:45:01.391" level="INFO" html="true">&lt;tr&gt;&lt;video  height="350px" controls&gt; &lt;source src="Movies\Movie__2022-01-20__10_45_01.mp4" type="video/mp4"&gt;Browser does not support video.&lt;/video&gt;&lt;/tr&gt;</msg>
<status status="PASS" starttime="20220120 10:45:01.327" endtime="20220120 10:45:01.391"/>
</kw>
<kw name="Check Input In Notepad" library="EggplantLibrary">
<arg>Hello World</arg>
<tag>regression</tag>
<tag>smoke</tag>
<msg timestamp="20220120 10:45:01.392" level="INFO">Send command to eggPlant server: 'RunWithNewResults "checkInputInNotepad", "Hello World",'</msg>
<msg timestamp="20220120 10:45:01.896" level="INFO">Execution duration: 0.476999998093</msg>
<msg timestamp="20220120 10:45:01.896" level="INFO">Command output:</msg>
<msg timestamp="20220120 10:45:01.896" level="INFO" html="true">20.01.22, 09:45:01	START		Running checkInputInNotepad.script
20.01.22, 09:45:01	readtext		(46,257)
20.01.22, 09:45:01	LogSuccess		Assertion Succeeded:  (assertion: actual=expected; true: Hello World IS equal to Hello World)
20.01.22, 09:45:01	EndTestCase		(Duration:"0.206", Errors:"0", Exceptions:"0", StartTime:"2022-01-20 09:45:01 +0000", Successes:"1", TestCase:"checkInputInNotepad.script", Warnings:"0")
20.01.22, 09:45:01	SUCCESS		Execution Time 0:00:00 checkInputInNotepad.script
</msg>
<msg timestamp="20220120 10:45:01.896" level="INFO">Return value: </msg>
<status status="PASS" starttime="20220120 10:45:01.392" endtime="20220120 10:45:01.896"/>
</kw>
<kw name="Stop Movie" library="EggplantLibrary" type="TEARDOWN">
<doc>Stops current video recording.</doc>
<msg timestamp="20220120 10:45:01.897" level="INFO">Stop video recording.</msg>
<msg timestamp="20220120 10:45:01.897" level="INFO">Send command to eggPlant server: 'StopMovie'</msg>
<msg timestamp="20220120 10:45:02.131" level="INFO">Execution duration: 0.21899998188</msg>
<msg timestamp="20220120 10:45:02.131" level="INFO">Command output:</msg>
<msg timestamp="20220120 10:45:02.131" level="INFO" html="true"/>
<msg timestamp="20220120 10:45:02.131" level="INFO">Return value: {'Duration': 0.212000012398, 'Errors': 0.0, 'Exceptions': 0.0, 'LogFile': 'D:/DEV/robotframework-eggplant/tests/keywords/eggPlantScripts/SuiteOne.suite/Results/checkInputInNotepad/20220120_094501.578/LogFile.txt', 'ReturnValue': '', 'RunDate': &lt;DateTime '20220120T09:45:01' at 0x2ceaa25eaf0&gt;, 'Status': 'Success', 'Successes': 1.0, 'Warnings': 0.0}</msg>
<msg timestamp="20220120 10:45:02.131" level="INFO" html="true">Video file path: &lt;a href="Movies\Movie__2022-01-20__10_45_01.mp4"&gt;Movie__2022-01-20__10_45_01.mp4&lt;/a&gt;</msg>
<msg timestamp="20220120 10:45:02.131" level="INFO" html="true">&lt;tr&gt;&lt;video  height="350px" controls&gt; &lt;source src="Movies\Movie__2022-01-20__10_45_01.mp4" type="video/mp4"&gt;Browser does not support video.&lt;/video&gt;&lt;/tr&gt;</msg>
<status status="PASS" starttime="20220120 10:45:01.897" endtime="20220120 10:45:02.131"/>
</kw>
<status status="PASS" starttime="20220120 10:45:01.293" endtime="20220120 10:45:02.132"/>
</test>
<test id="s1-s1-s6-t2" name="Embedded movie in case of errors">
<kw name="Connect Screenshot SUT" library="common" type="SETUP">
<kw name="Connect Sut" library="EggplantLibrary">
<arg>{Type:"screenshot", name:"${SUT screenshot file}"}</arg>
<doc>Opens a VNC or RDP connection with a SUT / makes it the active connection.</doc>
<msg timestamp="20220120 10:45:02.134" level="INFO">Send command to eggPlant server: 'connect {Type:"screenshot", name:"D:\DEV\robotframework-eggplant\tests\keywords/../SUT-Screenshot.png"}'</msg>
<msg timestamp="20220120 10:45:02.151" level="INFO">Execution duration: 0.003000020981</msg>
<msg timestamp="20220120 10:45:02.151" level="INFO">Command output:</msg>
<msg timestamp="20220120 10:45:02.151" level="INFO" html="true">20.01.22, 09:45:02	connect		D:\DEV\robotframework-eggplant\tests\keywords/../SUT-Screenshot.png:(null)
</msg>
<msg timestamp="20220120 10:45:02.151" level="INFO">Return value: {'Duration': 0.212000012398, 'Errors': 0.0, 'Exceptions': 0.0, 'LogFile': 'D:/DEV/robotframework-eggplant/tests/keywords/eggPlantScripts/SuiteOne.suite/Results/checkInputInNotepad/20220120_094501.578/LogFile.txt', 'ReturnValue': '', 'RunDate': &lt;DateTime '20220120T09:45:01' at 0x2ceaa2638e0&gt;, 'Status': 'Success', 'Successes': 1.0, 'Warnings': 0.0}</msg>
<status status="PASS" starttime="20220120 10:45:02.134" endtime="20220120 10:45:02.152"/>
</kw>
<status status="PASS" starttime="20220120 10:45:02.134" endtime="20220120 10:45:02.152"/>
</kw>
<kw name="Start Movie" library="EggplantLibrary">
<doc>Starts video recording into the specified file and returns the absolute path to it.</doc>
<msg timestamp="20220120 10:45:02.153" level="INFO">Send command to eggPlant server: 'StartMovie "D:\DEV\robotframework-eggplant\out\Movies\Movie__2022-01-20__10_45_02.mp4", framesPerSecond:15, compressionRate:1, imageHighlighting:True, extraTime:5'</msg>
<msg timestamp="20220120 10:45:02.189" level="INFO">Execution duration: 0.008999943733</msg>
<msg timestamp="20220120 10:45:02.189" level="INFO">Command output:</msg>
<msg timestamp="20220120 10:45:02.189" level="INFO" html="true">20.01.22, 09:45:02	startmovie		D:/DEV/robotframework-eggplant/out/Movies/Movie__2022-01-20__10_45_02.mp4
</msg>
<msg timestamp="20220120 10:45:02.189" level="INFO">Return value: {'Duration': 0.212000012398, 'Errors': 0.0, 'Exceptions': 0.0, 'LogFile': 'D:/DEV/robotframework-eggplant/tests/keywords/eggPlantScripts/SuiteOne.suite/Results/checkInputInNotepad/20220120_094501.578/LogFile.txt', 'ReturnValue': '', 'RunDate': &lt;DateTime '20220120T09:45:01' at 0x2ceaa263fa0&gt;, 'Status': 'Success', 'Successes': 1.0, 'Warnings': 0.0}</msg>
<msg timestamp="20220120 10:45:02.190" level="INFO">Start video recording</msg>
<msg timestamp="20220120 10:45:02.190" level="INFO" html="true">Video file path: &lt;a href="Movies\Movie__2022-01-20__10_45_02.mp4"&gt;Movie__2022-01-20__10_45_02.mp4&lt;/a&gt;</msg>
<msg timestamp="20220120 10:45:02.190" level="INFO" html="true">&lt;tr&gt;&lt;video  height="350px" controls&gt; &lt;source src="Movies\Movie__2022-01-20__10_45_02.mp4" type="video/mp4"&gt;Browser does not support video.&lt;/video&gt;&lt;/tr&gt;</msg>
<status status="PASS" starttime="20220120 10:45:02.152" endtime="20220120 10:45:02.190"/>
</kw>
<kw name="Run Keyword And Expect Error" library="BuiltIn">
<arg>*Hello World IS NOT equal to Wrong text*</arg>
<arg>Check Input In Notepad</arg>
<arg>Wrong text</arg>
<doc>Runs the keyword and checks that the expected error occurred.</doc>
<kw name="Check Input In Notepad" library="EggplantLibrary">
<arg>Wrong text</arg>
<tag>regression</tag>
<tag>smoke</tag>
<msg timestamp="20220120 10:45:02.191" level="INFO">Send command to eggPlant server: 'RunWithNewResults "checkInputInNotepad", "Wrong text",'</msg>
<msg timestamp="20220120 10:45:02.863" level="INFO">Execution duration: 0.649000048637</msg>
<msg timestamp="20220120 10:45:02.863" level="INFO">Command output:</msg>
<msg timestamp="20220120 10:45:02.863" level="INFO" html="true">20.01.22, 09:45:02	START		Running checkInputInNotepad.script
20.01.22, 09:45:02	readtext		(46,257)
20.01.22, 09:45:02	EndTestCase		(Duration:"0.177", Errors:"1", Exceptions:"0", StartTime:"2022-01-20 09:45:02 +0000", Successes:"0", TestCase:"checkInputInNotepad.script", Warnings:"0")
20.01.22, 09:45:02	FAILURE	Screen_Error.png	AssertionFailed:  (assertion: actual=expected; actually: Hello World IS NOT equal to Wrong text) -- Execution Time 0:00:00 checkInputInNotepad.script
</msg>
<msg timestamp="20220120 10:45:02.863" level="INFO">Screenshot rectangle: Full screen</msg>
<msg timestamp="20220120 10:45:03.142" level="INFO" html="true">Screenshot: &lt;a href="Screenshots\Screenshot__2022-01-20__10_45_02__862923.png"&gt;Screenshot__2022-01-20__10_45_02__862923.png&lt;/a&gt;</msg>
<msg timestamp="20220120 10:45:03.142" level="INFO" html="true">Video file path: &lt;a href="Movies\Movie__2022-01-20__10_45_02.mp4"&gt;Movie__2022-01-20__10_45_02.mp4&lt;/a&gt;</msg>
<msg timestamp="20220120 10:45:03.142" level="INFO" html="true">&lt;tr&gt;&lt;video poster="Screenshots\Screenshot__2022-01-20__10_45_02__862923.png" height="350px" controls&gt; &lt;source src="Movies\Movie__2022-01-20__10_45_02.mp4" type="video/mp4"&gt;Browser does not support video.&lt;/video&gt;&lt;/tr&gt;</msg>
<msg timestamp="20220120 10:45:03.142" level="FAIL">checkInputInNotepad: AssertionFailed --  (assertion: actual=expected; actually: Hello World IS NOT equal to Wrong text)</msg>
<status status="FAIL" starttime="20220120 10:45:02.190" endtime="20220120 10:45:03.142"/>
</kw>
<status status="PASS" starttime="20220120 10:45:02.190" endtime="20220120 10:45:03.142"/>
</kw>
<kw name="Stop Movie" library="EggplantLibrary" type="TEARDOWN">
<doc>Stops current video recording.</doc>
<msg timestamp="20220120 10:45:03.143" level="INFO">Stop video recording.</msg>
<msg timestamp="20220120 10:45:03.143" level="INFO">Send command to eggPlant server: 'StopMovie'</msg>
<msg timestamp="20220120 10:45:03.385" level="INFO">Execution duration: 0.215000033379</msg>
<msg timestamp="20220120 10:45:03.385" level="INFO">Command output:</msg>
<msg timestamp="20220120 10:45:03.385" level="INFO" html="true"/>
<msg timestamp="20220120 10:45:03.385" level="INFO">Return value: D:/DEV/robotframework-eggplant/out/Screenshots/Screenshot__2022-01-20__10_45_02__862923.png</msg>
<msg timestamp="20220120 10:45:03.385" level="INFO" html="true">Video file path: &lt;a href="Movies\Movie__2022-01-20__10_45_02.mp4"&gt;Movie__2022-01-20__10_45_02.mp4&lt;/a&gt;</msg>
<msg timestamp="20220120 10:45:03.385" level="INFO" html="true">&lt;tr&gt;&lt;video  height="350px" controls&gt; &lt;source src="Movies\Movie__2022-01-20__10_45_02.mp4" type="video/mp4"&gt;Browser does not support video.&lt;/video&gt;&lt;/tr&gt;</msg>
<status status="PASS" starttime="20220120 10:45:03.143" endtime="20220120 10:45:03.385"/>
</kw>
<doc>Expand the expectedly failed keyword to check the embedded video</doc>
<status status="PASS" starttime="20220120 10:45:02.133" endtime="20220120 10:45:03.385"/>
</test>
<test id="s1-s1-s6-t3" name="Movie wasn't stopped">
<kw name="Connect Screenshot SUT" library="common" type="SETUP">
<kw name="Connect Sut" library="EggplantLibrary">
<arg>{Type:"screenshot", name:"${SUT screenshot file}"}</arg>
<doc>Opens a VNC or RDP connection with a SUT / makes it the active connection.</doc>
<msg timestamp="20220120 10:45:03.389" level="INFO">Send command to eggPlant server: 'connect {Type:"screenshot", name:"D:\DEV\robotframework-eggplant\tests\keywords/../SUT-Screenshot.png"}'</msg>
<msg timestamp="20220120 10:45:03.433" level="INFO">Execution duration: 0.003000020981</msg>
<msg timestamp="20220120 10:45:03.433" level="INFO">Command output:</msg>
<msg timestamp="20220120 10:45:03.433" level="INFO" html="true">20.01.22, 09:45:03	connect		D:\DEV\robotframework-eggplant\tests\keywords/../SUT-Screenshot.png:(null)
</msg>
<msg timestamp="20220120 10:45:03.433" level="INFO">Return value: D:/DEV/robotframework-eggplant/out/Screenshots/Screenshot__2022-01-20__10_45_02__862923.png</msg>
<status status="PASS" starttime="20220120 10:45:03.388" endtime="20220120 10:45:03.433"/>
</kw>
<status status="PASS" starttime="20220120 10:45:03.388" endtime="20220120 10:45:03.433"/>
</kw>
<kw name="Start Movie" library="EggplantLibrary">
<doc>Starts video recording into the specified file and returns the absolute path to it.</doc>
<msg timestamp="20220120 10:45:03.434" level="INFO">Send command to eggPlant server: 'StartMovie "D:\DEV\robotframework-eggplant\out\Movies\Movie__2022-01-20__10_45_03.mp4", framesPerSecond:15, compressionRate:1, imageHighlighting:True, extraTime:5'</msg>
<msg timestamp="20220120 10:45:03.459" level="INFO">Execution duration: 0.008000016212</msg>
<msg timestamp="20220120 10:45:03.459" level="INFO">Command output:</msg>
<msg timestamp="20220120 10:45:03.459" level="INFO" html="true">20.01.22, 09:45:03	startmovie		D:/DEV/robotframework-eggplant/out/Movies/Movie__2022-01-20__10_45_03.mp4
</msg>
<msg timestamp="20220120 10:45:03.459" level="INFO">Return value: D:/DEV/robotframework-eggplant/out/Screenshots/Screenshot__2022-01-20__10_45_02__862923.png</msg>
<msg timestamp="20220120 10:45:03.459" level="INFO">Start video recording</msg>
<msg timestamp="20220120 10:45:03.459" level="INFO" html="true">Video file path: &lt;a href="Movies\Movie__2022-01-20__10_45_03.mp4"&gt;Movie__2022-01-20__10_45_03.mp4&lt;/a&gt;</msg>
<msg timestamp="20220120 10:45:03.459" level="INFO" html="true">&lt;tr&gt;&lt;video  height="350px" controls&gt; &lt;source src="Movies\Movie__2022-01-20__10_45_03.mp4" type="video/mp4"&gt;Browser does not support video.&lt;/video&gt;&lt;/tr&gt;</msg>
<status status="PASS" starttime="20220120 10:45:03.434" endtime="20220120 10:45:03.459"/>
</kw>
<kw name="Run Keyword And Expect Error" library="BuiltIn">
<arg>*StartMovie is not allowed when a movie is already being recorded*</arg>
<arg>Start movie</arg>
<doc>Runs the keyword and checks that the expected error occurred.</doc>
<kw name="Start Movie" library="EggplantLibrary">
<doc>Starts video recording into the specified file and returns the absolute path to it.</doc>
<msg timestamp="20220120 10:45:03.461" level="INFO">Send command to eggPlant server: 'StartMovie "D:\DEV\robotframework-eggplant\out\Movies\Movie__2022-01-20__10_45_03.mp4", framesPerSecond:15, compressionRate:1, imageHighlighting:True, extraTime:5'</msg>
<msg timestamp="20220120 10:45:03.484" level="FAIL">Fault: &lt;Fault 4: 'MovieError: StartMovie is not allowed when a movie is already being recorded'&gt;</msg>
<status status="FAIL" starttime="20220120 10:45:03.460" endtime="20220120 10:45:03.484"/>
</kw>
<status status="PASS" starttime="20220120 10:45:03.460" endtime="20220120 10:45:03.484"/>
</kw>
<kw name="Stop Movie" library="EggplantLibrary" type="TEARDOWN">
<doc>Stops current video recording.</doc>
<msg timestamp="20220120 10:45:03.485" level="INFO">Stop video recording.</msg>
<msg timestamp="20220120 10:45:03.485" level="INFO">Send command to eggPlant server: 'StopMovie'</msg>
<msg timestamp="20220120 10:45:03.713" level="INFO">Execution duration: 0.215999960899</msg>
<msg timestamp="20220120 10:45:03.713" level="INFO">Command output:</msg>
<msg timestamp="20220120 10:45:03.713" level="INFO" html="true"/>
<msg timestamp="20220120 10:45:03.713" level="INFO">Return value: D:/DEV/robotframework-eggplant/out/Screenshots/Screenshot__2022-01-20__10_45_02__862923.png</msg>
<msg timestamp="20220120 10:45:03.713" level="INFO" html="true">Video file path: &lt;a href="Movies\Movie__2022-01-20__10_45_03.mp4"&gt;Movie__2022-01-20__10_45_03.mp4&lt;/a&gt;</msg>
<msg timestamp="20220120 10:45:03.713" level="INFO" html="true">&lt;tr&gt;&lt;video  height="350px" controls&gt; &lt;source src="Movies\Movie__2022-01-20__10_45_03.mp4" type="video/mp4"&gt;Browser does not support video.&lt;/video&gt;&lt;/tr&gt;</msg>
<status status="PASS" starttime="20220120 10:45:03.485" endtime="20220120 10:45:03.713"/>
</kw>
<status status="PASS" starttime="20220120 10:45:03.387" endtime="20220120 10:45:03.713"/>
</test>
<test id="s1-s1-s6-t4" name="Movie wasn't started - error ignored">
<kw name="Connect Screenshot SUT" library="common" type="SETUP">
<kw name="Connect Sut" library="EggplantLibrary">
<arg>{Type:"screenshot", name:"${SUT screenshot file}"}</arg>
<doc>Opens a VNC or RDP connection with a SUT / makes it the active connection.</doc>
<msg timestamp="20220120 10:45:03.716" level="INFO">Send command to eggPlant server: 'connect {Type:"screenshot", name:"D:\DEV\robotframework-eggplant\tests\keywords/../SUT-Screenshot.png"}'</msg>
<msg timestamp="20220120 10:45:03.732" level="INFO">Execution duration: 0.003000020981</msg>
<msg timestamp="20220120 10:45:03.732" level="INFO">Command output:</msg>
<msg timestamp="20220120 10:45:03.732" level="INFO" html="true">20.01.22, 09:45:03	connect		D:\DEV\robotframework-eggplant\tests\keywords/../SUT-Screenshot.png:(null)
</msg>
<msg timestamp="20220120 10:45:03.732" level="INFO">Return value: D:/DEV/robotframework-eggplant/out/Screenshots/Screenshot__2022-01-20__10_45_02__862923.png</msg>
<status status="PASS" starttime="20220120 10:45:03.716" endtime="20220120 10:45:03.732"/>
</kw>
<status status="PASS" starttime="20220120 10:45:03.715" endtime="20220120 10:45:03.732"/>
</kw>
<kw name="Stop Movie" library="EggplantLibrary">
<doc>Stops current video recording.</doc>
<msg timestamp="20220120 10:45:03.733" level="INFO">Stop video recording.</msg>
<msg timestamp="20220120 10:45:03.733" level="INFO">Send command to eggPlant server: 'StopMovie'</msg>
<msg timestamp="20220120 10:45:03.760" level="INFO">MovieError: StopMovie is not allowed -- there is no movie being recorded</msg>
<status status="PASS" starttime="20220120 10:45:03.733" endtime="20220120 10:45:03.760"/>
</kw>
<kw name="Stop Movie" library="EggplantLibrary" type="TEARDOWN">
<doc>Stops current video recording.</doc>
<msg timestamp="20220120 10:45:03.761" level="INFO">Stop video recording.</msg>
<msg timestamp="20220120 10:45:03.761" level="INFO">Send command to eggPlant server: 'StopMovie'</msg>
<msg timestamp="20220120 10:45:03.777" level="INFO">MovieError: StopMovie is not allowed -- there is no movie being recorded</msg>
<status status="PASS" starttime="20220120 10:45:03.761" endtime="20220120 10:45:03.777"/>
</kw>
<status status="PASS" starttime="20220120 10:45:03.715" endtime="20220120 10:45:03.777"/>
</test>
<test id="s1-s1-s6-t5" name="Movie wasn't started - error excepted">
<kw name="Connect Screenshot SUT" library="common" type="SETUP">
<kw name="Connect Sut" library="EggplantLibrary">
<arg>{Type:"screenshot", name:"${SUT screenshot file}"}</arg>
<doc>Opens a VNC or RDP connection with a SUT / makes it the active connection.</doc>
<msg timestamp="20220120 10:45:03.780" level="INFO">Send command to eggPlant server: 'connect {Type:"screenshot", name:"D:\DEV\robotframework-eggplant\tests\keywords/../SUT-Screenshot.png"}'</msg>
<msg timestamp="20220120 10:45:03.809" level="INFO">Execution duration: 0.003000020981</msg>
<msg timestamp="20220120 10:45:03.809" level="INFO">Command output:</msg>
<msg timestamp="20220120 10:45:03.809" level="INFO" html="true">20.01.22, 09:45:03	connect		D:\DEV\robotframework-eggplant\tests\keywords/../SUT-Screenshot.png:(null)
</msg>
<msg timestamp="20220120 10:45:03.809" level="INFO">Return value: D:/DEV/robotframework-eggplant/out/Screenshots/Screenshot__2022-01-20__10_45_02__862923.png</msg>
<status status="PASS" starttime="20220120 10:45:03.780" endtime="20220120 10:45:03.809"/>
</kw>
<status status="PASS" starttime="20220120 10:45:03.779" endtime="20220120 10:45:03.809"/>
</kw>
<kw name="Run Keyword And Expect Error" library="BuiltIn">
<arg>*StopMovie is not allowed -- there is no movie being recorded*</arg>
<arg>Stop movie</arg>
<arg>error if no movie started=True</arg>
<doc>Runs the keyword and checks that the expected error occurred.</doc>
<kw name="Stop Movie" library="EggplantLibrary">
<arg>error if no movie started=True</arg>
<doc>Stops current video recording.</doc>
<msg timestamp="20220120 10:45:03.810" level="INFO">Stop video recording.</msg>
<msg timestamp="20220120 10:45:03.810" level="INFO">Send command to eggPlant server: 'StopMovie'</msg>
<msg timestamp="20220120 10:45:03.838" level="FAIL">MovieError: StopMovie is not allowed -- there is no movie being recorded</msg>
<status status="FAIL" starttime="20220120 10:45:03.810" endtime="20220120 10:45:03.838"/>
</kw>
<status status="PASS" starttime="20220120 10:45:03.810" endtime="20220120 10:45:03.838"/>
</kw>
<kw name="Stop Movie" library="EggplantLibrary" type="TEARDOWN">
<doc>Stops current video recording.</doc>
<msg timestamp="20220120 10:45:03.839" level="INFO">Stop video recording.</msg>
<msg timestamp="20220120 10:45:03.839" level="INFO">Send command to eggPlant server: 'StopMovie'</msg>
<msg timestamp="20220120 10:45:03.852" level="INFO">MovieError: StopMovie is not allowed -- there is no movie being recorded</msg>
<status status="PASS" starttime="20220120 10:45:03.839" endtime="20220120 10:45:03.852"/>
</kw>
<status status="PASS" starttime="20220120 10:45:03.779" endtime="20220120 10:45:03.852"/>
</test>
<kw name="Close Session" library="EggplantLibrary" type="TEARDOWN">
<doc>Closes the session with the specified eggPlant Suite.
Has to be called after test execution before opening a new session with the same eggPlant Suite.
If the requested session is not open, a warning is logged.</doc>
<status status="PASS" starttime="20220120 10:45:03.855" endtime="20220120 10:45:03.871"/>
</kw>
<status status="PASS" starttime="20220120 10:45:01.175" endtime="20220120 10:45:03.871"/>
</suite>
<suite id="s1-s1-s7" name="Params" source="D:\DEV\robotframework-eggplant\tests\tests\Params.robot">
<kw name="Open Session" library="EggplantLibrary" type="SETUP">
<doc>Opens a session with the specified eggPlant Suite.
Has to be called before test execution.
The keyword also checks current eggpPant version and logs a warning in case of incompatibility.</doc>
<msg timestamp="20220120 10:45:03.937" level="INFO">Send command to eggPlant server: 'if EggplantVersion().eggplant &lt; "21.1.0" then LogWarning !"Incompatible eggplant version detected - [[EggplantVersion().eggplant]]. Min. version required - 21.1.0. See README for more information."'</msg>
<msg timestamp="20220120 10:45:03.975" level="INFO">Execution duration: 0.0</msg>
<msg timestamp="20220120 10:45:03.976" level="INFO">Command output:</msg>
<msg timestamp="20220120 10:45:03.976" level="INFO" html="true"/>
<msg timestamp="20220120 10:45:03.976" level="INFO">Return value: D:/DEV/robotframework-eggplant/out/Screenshots/Screenshot__2022-01-20__10_45_02__862923.png</msg>
<status status="PASS" starttime="20220120 10:45:03.887" endtime="20220120 10:45:03.976"/>
</kw>
<test id="s1-s1-s7-t1" name="Simple Params">
<kw name="Several Params" library="EggplantLibrary">
<arg>1</arg>
<arg>second param</arg>
<arg>third</arg>
<doc> multiline 1
multiline inside</doc>
<msg timestamp="20220120 10:45:03.977" level="INFO">Send command to eggPlant server: 'RunWithNewResults "severalParams", "1", "second param", "third",'</msg>
<msg timestamp="20220120 10:45:04.331" level="INFO">Execution duration: 0.335999965668</msg>
<msg timestamp="20220120 10:45:04.331" level="INFO">Command output:</msg>
<msg timestamp="20220120 10:45:04.331" level="INFO" html="true">20.01.22, 09:45:04	START		Running severalParams.script
1
second param
third
20.01.22, 09:45:04	EndTestCase		(Duration:"0.001", Errors:"0", Exceptions:"0", StartTime:"2022-01-20 09:45:04 +0000", Successes:"1", TestCase:"severalParams.script", Warnings:"0")
20.01.22, 09:45:04	SUCCESS		Execution Time 0:00:00 severalParams.script
</msg>
<msg timestamp="20220120 10:45:04.331" level="INFO">Return value: </msg>
<status status="PASS" starttime="20220120 10:45:03.976" endtime="20220120 10:45:04.331"/>
</kw>
<status status="PASS" starttime="20220120 10:45:03.976" endtime="20220120 10:45:04.332"/>
</test>
<test id="s1-s1-s7-t2" name="Quoted strings as params">
<kw name="Several Params" library="EggplantLibrary">
<arg>${testname}</arg>
<arg>"second param"</arg>
<arg>third</arg>
<doc> multiline 1
multiline inside</doc>
<msg timestamp="20220120 10:45:04.333" level="INFO">Send command to eggPlant server: 'RunWithNewResults "severalParams", "Quoted strings as params", "second param", "third",'</msg>
<msg timestamp="20220120 10:45:04.582" level="INFO">Execution duration: 0.203999996185</msg>
<msg timestamp="20220120 10:45:04.582" level="INFO">Command output:</msg>
<msg timestamp="20220120 10:45:04.582" level="INFO" html="true">20.01.22, 09:45:04	START		Running severalParams.script
Quoted strings as params
second param
third
20.01.22, 09:45:04	EndTestCase		(Duration:"0.001", Errors:"0", Exceptions:"0", StartTime:"2022-01-20 09:45:04 +0000", Successes:"1", TestCase:"severalParams.script", Warnings:"0")
20.01.22, 09:45:04	SUCCESS		Execution Time 0:00:00 severalParams.script
</msg>
<msg timestamp="20220120 10:45:04.582" level="INFO">Return value: </msg>
<status status="PASS" starttime="20220120 10:45:04.333" endtime="20220120 10:45:04.582"/>
</kw>
<status status="PASS" starttime="20220120 10:45:04.333" endtime="20220120 10:45:04.582"/>
</test>
<test id="s1-s1-s7-t3" name="Params Numeric_Alphabetic">
<kw name="Several Params" library="EggplantLibrary">
<arg>1</arg>
<arg>2</arg>
<arg>04_01_030_20008_XYZ</arg>
<doc> multiline 1
multiline inside</doc>
<msg timestamp="20220120 10:45:04.584" level="INFO">Send command to eggPlant server: 'RunWithNewResults "severalParams", "1", "2", "04_01_030_20008_XYZ",'</msg>
<msg timestamp="20220120 10:45:04.794" level="INFO">Execution duration: 0.18700003624</msg>
<msg timestamp="20220120 10:45:04.795" level="INFO">Command output:</msg>
<msg timestamp="20220120 10:45:04.795" level="INFO" html="true">20.01.22, 09:45:04	START		Running severalParams.script
1
2
04_01_030_20008_XYZ
20.01.22, 09:45:04	EndTestCase		(Duration:"0.001", Errors:"0", Exceptions:"0", StartTime:"2022-01-20 09:45:04 +0000", Successes:"1", TestCase:"severalParams.script", Warnings:"0")
20.01.22, 09:45:04	SUCCESS		Execution Time 0:00:00 severalParams.script
</msg>
<msg timestamp="20220120 10:45:04.795" level="INFO">Return value: </msg>
<status status="PASS" starttime="20220120 10:45:04.584" endtime="20220120 10:45:04.795"/>
</kw>
<status status="PASS" starttime="20220120 10:45:04.584" endtime="20220120 10:45:04.795"/>
</test>
<test id="s1-s1-s7-t4" name="Integer param">
<kw name="Set Variable" library="BuiltIn">
<var>${my int}</var>
<arg>${123}</arg>
<doc>Returns the given values which can then be assigned to a variables.</doc>
<msg timestamp="20220120 10:45:04.797" level="INFO">${my int} = 123</msg>
<status status="PASS" starttime="20220120 10:45:04.797" endtime="20220120 10:45:04.797"/>
</kw>
<kw name="Return The Same Value" library="EggplantLibrary">
<var>${result}</var>
<arg>${my int}</arg>
<doc>Just returns the given string back</doc>
<msg timestamp="20220120 10:45:04.798" level="INFO">Send command to eggPlant server: 'RunWithNewResults "returnTheSameValue", 123,'</msg>
<msg timestamp="20220120 10:45:05.804" level="INFO">Execution duration: 0.980000019073</msg>
<msg timestamp="20220120 10:45:05.804" level="INFO">Command output:</msg>
<msg timestamp="20220120 10:45:05.804" level="INFO" html="true">20.01.22, 09:45:05	START		Running returnTheSameValue.script
20.01.22, 09:45:05	EndTestCase		(Duration:"0.001", Errors:"0", Exceptions:"0", StartTime:"2022-01-20 09:45:05 +0000", Successes:"1", TestCase:"returnTheSameValue.script", Warnings:"0")
20.01.22, 09:45:05	SUCCESS		Execution Time 0:00:00 returnTheSameValue.script
</msg>
<msg timestamp="20220120 10:45:05.805" level="INFO">Return value: 123</msg>
<msg timestamp="20220120 10:45:05.805" level="INFO">${result} = 123</msg>
<status status="PASS" starttime="20220120 10:45:04.797" endtime="20220120 10:45:05.805"/>
</kw>
<kw name="Should Be Equal" library="BuiltIn">
<arg>${result}</arg>
<arg>${my int}</arg>
<doc>Fails if the given objects are unequal.</doc>
<status status="PASS" starttime="20220120 10:45:05.805" endtime="20220120 10:45:05.806"/>
</kw>
<status status="PASS" starttime="20220120 10:45:04.796" endtime="20220120 10:45:05.806"/>
</test>
<test id="s1-s1-s7-t5" name="Float param - positive">
<kw name="Set Variable" library="BuiltIn">
<var>${my float}</var>
<arg>${123.45}</arg>
<doc>Returns the given values which can then be assigned to a variables.</doc>
<msg timestamp="20220120 10:45:05.809" level="INFO">${my float} = 123.45</msg>
<status status="PASS" starttime="20220120 10:45:05.808" endtime="20220120 10:45:05.809"/>
</kw>
<kw name="Return The Same Value" library="EggplantLibrary">
<var>${result}</var>
<arg>${my float}</arg>
<doc>Just returns the given string back</doc>
<msg timestamp="20220120 10:45:05.810" level="INFO">Send command to eggPlant server: 'RunWithNewResults "returnTheSameValue", 123.45,'</msg>
<msg timestamp="20220120 10:45:06.416" level="INFO">Execution duration: 0.572999954224</msg>
<msg timestamp="20220120 10:45:06.416" level="INFO">Command output:</msg>
<msg timestamp="20220120 10:45:06.416" level="INFO" html="true">20.01.22, 09:45:06	START		Running returnTheSameValue.script
20.01.22, 09:45:06	EndTestCase		(Duration:"0.001", Errors:"0", Exceptions:"0", StartTime:"2022-01-20 09:45:06 +0000", Successes:"1", TestCase:"returnTheSameValue.script", Warnings:"0")
20.01.22, 09:45:06	SUCCESS		Execution Time 0:00:00 returnTheSameValue.script
</msg>
<msg timestamp="20220120 10:45:06.416" level="INFO">Return value: 123.45</msg>
<msg timestamp="20220120 10:45:06.416" level="INFO">${result} = 123.45</msg>
<status status="PASS" starttime="20220120 10:45:05.810" endtime="20220120 10:45:06.416"/>
</kw>
<kw name="Should Be Equal" library="BuiltIn">
<arg>${result}</arg>
<arg>${my float}</arg>
<doc>Fails if the given objects are unequal.</doc>
<status status="PASS" starttime="20220120 10:45:06.417" endtime="20220120 10:45:06.417"/>
</kw>
<status status="PASS" starttime="20220120 10:45:05.808" endtime="20220120 10:45:06.418"/>
</test>
<test id="s1-s1-s7-t6" name="Float param - negative">
<kw name="Set Variable" library="BuiltIn">
<var>${my float}</var>
<arg>${-123.45}</arg>
<doc>Returns the given values which can then be assigned to a variables.</doc>
<msg timestamp="20220120 10:45:06.421" level="INFO">${my float} = -123.45</msg>
<status status="PASS" starttime="20220120 10:45:06.421" endtime="20220120 10:45:06.421"/>
</kw>
<kw name="Return The Same Value" library="EggplantLibrary">
<var>${result}</var>
<arg>${my float}</arg>
<doc>Just returns the given string back</doc>
<msg timestamp="20220120 10:45:06.422" level="INFO">Send command to eggPlant server: 'RunWithNewResults "returnTheSameValue", -123.45,'</msg>
<msg timestamp="20220120 10:45:07.009" level="INFO">Execution duration: 0.555999994278</msg>
<msg timestamp="20220120 10:45:07.009" level="INFO">Command output:</msg>
<msg timestamp="20220120 10:45:07.009" level="INFO" html="true">20.01.22, 09:45:06	START		Running returnTheSameValue.script
20.01.22, 09:45:06	EndTestCase		(Duration:"0.001", Errors:"0", Exceptions:"0", StartTime:"2022-01-20 09:45:06 +0000", Successes:"1", TestCase:"returnTheSameValue.script", Warnings:"0")
20.01.22, 09:45:06	SUCCESS		Execution Time 0:00:00 returnTheSameValue.script
</msg>
<msg timestamp="20220120 10:45:07.009" level="INFO">Return value: -123.45</msg>
<msg timestamp="20220120 10:45:07.010" level="INFO">${result} = -123.45</msg>
<status status="PASS" starttime="20220120 10:45:06.422" endtime="20220120 10:45:07.010"/>
</kw>
<kw name="Should Be Equal" library="BuiltIn">
<arg>${result}</arg>
<arg>${my float}</arg>
<doc>Fails if the given objects are unequal.</doc>
<status status="PASS" starttime="20220120 10:45:07.010" endtime="20220120 10:45:07.011"/>
</kw>
<status status="PASS" starttime="20220120 10:45:06.420" endtime="20220120 10:45:07.011"/>
</test>
<test id="s1-s1-s7-t7" name="Float param - convert from string">
<kw name="Return The Same Value" library="EggplantLibrary">
<var>${result}</var>
<arg>${-123.45}</arg>
<doc>Just returns the given string back</doc>
<msg timestamp="20220120 10:45:07.013" level="INFO">Send command to eggPlant server: 'RunWithNewResults "returnTheSameValue", -123.45,'</msg>
<msg timestamp="20220120 10:45:07.480" level="INFO">Execution duration: 0.444000005722</msg>
<msg timestamp="20220120 10:45:07.480" level="INFO">Command output:</msg>
<msg timestamp="20220120 10:45:07.481" level="INFO" html="true">20.01.22, 09:45:07	START		Running returnTheSameValue.script
20.01.22, 09:45:07	EndTestCase		(Duration:"0.001", Errors:"0", Exceptions:"0", StartTime:"2022-01-20 09:45:07 +0000", Successes:"1", TestCase:"returnTheSameValue.script", Warnings:"0")
20.01.22, 09:45:07	SUCCESS		Execution Time 0:00:00 returnTheSameValue.script
</msg>
<msg timestamp="20220120 10:45:07.481" level="INFO">Return value: -123.45</msg>
<msg timestamp="20220120 10:45:07.481" level="INFO">${result} = -123.45</msg>
<status status="PASS" starttime="20220120 10:45:07.013" endtime="20220120 10:45:07.481"/>
</kw>
<kw name="Should Be Equal" library="BuiltIn">
<arg>${result}</arg>
<arg>${-123.45}</arg>
<doc>Fails if the given objects are unequal.</doc>
<status status="PASS" starttime="20220120 10:45:07.481" endtime="20220120 10:45:07.482"/>
</kw>
<status status="PASS" starttime="20220120 10:45:07.012" endtime="20220120 10:45:07.482"/>
</test>
<test id="s1-s1-s7-t8" name="Strict variables">
<kw name="Set Variable" library="BuiltIn">
<var>${my float}</var>
<arg>${-123.45}</arg>
<doc>Returns the given values which can then be assigned to a variables.</doc>
<msg timestamp="20220120 10:45:07.486" level="INFO">${my float} = -123.45</msg>
<status status="PASS" starttime="20220120 10:45:07.485" endtime="20220120 10:45:07.486"/>
</kw>
<kw name="Run Command" library="EggplantLibrary">
<arg>set the strictVariables to true</arg>
<doc>Sends the requested command to eggPlant server via XML RPC.
Allows you to call any eggPlant function or script beyond available keywords.</doc>
<msg timestamp="20220120 10:45:07.486" level="INFO">Send command to eggPlant server: 'set the strictVariables to true'</msg>
<msg timestamp="20220120 10:45:07.522" level="INFO">Execution duration: 0.00100004673</msg>
<msg timestamp="20220120 10:45:07.522" level="INFO">Command output:</msg>
<msg timestamp="20220120 10:45:07.522" level="INFO" html="true"/>
<msg timestamp="20220120 10:45:07.523" level="INFO">Return value: {'Duration': 0.008000016212, 'Errors': 0.0, 'Exceptions': 0.0, 'LogFile': 'D:/DEV/robotframework-eggplant/tests/keywords/eggPlantScripts/SuiteOne.suite/Results/returnTheSameValue/20220120_094506.808/LogFile.txt', 'ReturnValue': '-123.45', 'RunDate': &lt;DateTime '20220120T09:45:07' at 0x2ceaa2632b0&gt;, 'Status': 'Success', 'Successes': 1.0, 'Warnings': 0.0}</msg>
<status status="PASS" starttime="20220120 10:45:07.486" endtime="20220120 10:45:07.523"/>
</kw>
<kw name="Run Keyword And Expect Error" library="BuiltIn">
<arg>*StrictVariablesViolation*</arg>
<arg>Log undefined variable</arg>
<doc>Runs the keyword and checks that the expected error occurred.</doc>
<kw name="Log Undefined Variable" library="EggplantLibrary">
<msg timestamp="20220120 10:45:07.524" level="INFO">Send command to eggPlant server: 'RunWithNewResults "logUndefinedVariable",'</msg>
<msg timestamp="20220120 10:45:07.917" level="INFO">Execution duration: 0.378999948502</msg>
<msg timestamp="20220120 10:45:07.917" level="INFO">Command output:</msg>
<msg timestamp="20220120 10:45:07.917" level="INFO" html="true">20.01.22, 09:45:07	START		Running logUndefinedVariable.script
20.01.22, 09:45:07	EndTestCase		(Duration:"0.003", Errors:"1", Exceptions:"0", StartTime:"2022-01-20 09:45:07 +0000", Successes:"0", TestCase:"logUndefinedVariable.script", Warnings:"0")
20.01.22, 09:45:07	FAILURE	Screen_Error.png	StrictVariablesViolation: Variable 'someValue' used without being set -- Execution Time 0:00:00 logUndefinedVariable.script
</msg>
<msg timestamp="20220120 10:45:07.917" level="INFO">Screenshot rectangle: Full screen</msg>
<msg timestamp="20220120 10:45:08.146" level="INFO" html="true">Screenshot: &lt;a href="Screenshots\Screenshot__2022-01-20__10_45_07__916968.png"&gt;Screenshot__2022-01-20__10_45_07__916968.png&lt;/a&gt;&lt;td&gt;&lt;/td&gt;&lt;/tr&gt;&lt;tr&gt;&lt;td colspan="3"&gt;&lt;a href="Screenshots\Screenshot__2022-01-20__10_45_07__916968.png"&gt;&lt;img src="Screenshots\Screenshot__2022-01-20__10_45_07__916968.png" height="350px"&gt;&lt;/a&gt;&lt;/td&gt;&lt;/tr&gt;</msg>
<msg timestamp="20220120 10:45:08.146" level="FAIL">logUndefinedVariable: StrictVariablesViolation -- Variable 'someValue' used without being set</msg>
<status status="FAIL" starttime="20220120 10:45:07.523" endtime="20220120 10:45:08.146"/>
</kw>
[...]
<status status="PASS" starttime="20220120 10:45:25.730" endtime="20220120 10:45:26.420"/>
</kw>
<kw name="Should Be Equal" library="BuiltIn">
<arg>${x}</arg>
<arg>${EMPTY}</arg>
<doc>Fails if the given objects are unequal.</doc>
<status status="PASS" starttime="20220120 10:45:26.420" endtime="20220120 10:45:26.421"/>
</kw>
<status status="PASS" starttime="20220120 10:45:25.729" endtime="20220120 10:45:26.421"/>
</test>
<kw name="Close Session" library="EggplantLibrary" type="TEARDOWN">
<doc>Closes the session with the specified eggPlant Suite.
Has to be called after test execution before opening a new session with the same eggPlant Suite.
If the requested session is not open, a warning is logged.</doc>
<status status="PASS" starttime="20220120 10:45:26.423" endtime="20220120 10:45:26.462"/>
</kw>
<status status="PASS" starttime="20220120 10:45:22.070" endtime="20220120 10:45:26.462"/>
</suite>
<status status="PASS" starttime="20220120 10:45:13.637" endtime="20220120 10:45:26.465"/>
</suite>
<suite id="s1-s1-s10" name="Screenshot" source="D:\DEV\robotframework-eggplant\tests\tests\Screenshot.robot">
<kw name="Open Session" library="EggplantLibrary" type="SETUP">
<doc>Opens a session with the specified eggPlant Suite.
Has to be called before test execution.
The keyword also checks current eggpPant version and logs a warning in case of incompatibility.</doc>
<msg timestamp="20220120 10:45:26.528" level="INFO">Send command to eggPlant server: 'if EggplantVersion().eggplant &lt; "21.1.0" then LogWarning !"Incompatible eggplant version detected - [[EggplantVersion().eggplant]]. Min. version required - 21.1.0. See README for more information."'</msg>
<msg timestamp="20220120 10:45:26.567" level="INFO">Execution duration: 0.000999927521</msg>
<msg timestamp="20220120 10:45:26.567" level="INFO">Command output:</msg>
<msg timestamp="20220120 10:45:26.567" level="INFO" html="true"/>
<msg timestamp="20220120 10:45:26.567" level="INFO">Return value: {'Duration': 0.006999969482, 'Errors': 0.0, 'Exceptions': 0.0, 'LogFile': 'D:/DEV/robotframework-eggplant/tests/keywords/eggPlantScripts/SuiteOne.suite/Results/returnTheSameValue/20220120_094526.197/LogFile.txt', 'ReturnValue': '', 'RunDate': &lt;DateTime '20220120T09:45:26' at 0x2cea9fadb50&gt;, 'Status': 'Success', 'Successes': 1.0, 'Warnings': 0.0}</msg>
<status status="PASS" starttime="20220120 10:45:26.473" endtime="20220120 10:45:26.567"/>
</kw>
<test id="s1-s1-s10-t1" name="Simple Fullscreen Screenshot">
<kw name="Connect Screenshot SUT" library="common" type="SETUP">
<kw name="Connect Sut" library="EggplantLibrary">
<arg>{Type:"screenshot", name:"${SUT screenshot file}"}</arg>
<doc>Opens a VNC or RDP connection with a SUT / makes it the active connection.</doc>
<msg timestamp="20220120 10:45:26.568" level="INFO">Send command to eggPlant server: 'connect {Type:"screenshot", name:"D:\DEV\robotframework-eggplant\tests\keywords/../SUT-Screenshot.png"}'</msg>
<msg timestamp="20220120 10:45:26.599" level="INFO">Execution duration: 0.003000020981</msg>
<msg timestamp="20220120 10:45:26.599" level="INFO">Command output:</msg>
<msg timestamp="20220120 10:45:26.600" level="INFO" html="true">20.01.22, 09:45:26	connect		D:\DEV\robotframework-eggplant\tests\keywords/../SUT-Screenshot.png:(null)
</msg>
<msg timestamp="20220120 10:45:26.600" level="INFO">Return value: {'Duration': 0.006999969482, 'Errors': 0.0, 'Exceptions': 0.0, 'LogFile': 'D:/DEV/robotframework-eggplant/tests/keywords/eggPlantScripts/SuiteOne.suite/Results/returnTheSameValue/20220120_094526.197/LogFile.txt', 'ReturnValue': '', 'RunDate': &lt;DateTime '20220120T09:45:26' at 0x2cea9cec970&gt;, 'Status': 'Success', 'Successes': 1.0, 'Warnings': 0.0}</msg>
<status status="PASS" starttime="20220120 10:45:26.568" endtime="20220120 10:45:26.600"/>
</kw>
<status status="PASS" starttime="20220120 10:45:26.568" endtime="20220120 10:45:26.600"/>
</kw>
<kw name="Screenshot" library="EggplantLibrary">
<doc>Captures a SUT screen image, saves it into the specified file and logs in the Robot test log.
By default the full screen is captured, otherwise according to the specified rectangle.</doc>
<msg timestamp="20220120 10:45:26.601" level="INFO">Screenshot rectangle: Full screen</msg>
<msg timestamp="20220120 10:45:26.849" level="INFO" html="true">Screenshot: &lt;a href="Screenshots\Screenshot__2022-01-20__10_45_26__599953.png"&gt;Screenshot__2022-01-20__10_45_26__599953.png&lt;/a&gt;&lt;td&gt;&lt;/td&gt;&lt;/tr&gt;&lt;tr&gt;&lt;td colspan="3"&gt;&lt;a href="Screenshots\Screenshot__2022-01-20__10_45_26__599953.png"&gt;&lt;img src="Screenshots\Screenshot__2022-01-20__10_45_26__599953.png" height="350px"&gt;&lt;/a&gt;&lt;/td&gt;&lt;/tr&gt;</msg>
<status status="PASS" starttime="20220120 10:45:26.600" endtime="20220120 10:45:26.849"/>
</kw>
<status status="PASS" starttime="20220120 10:45:26.567" endtime="20220120 10:45:26.850"/>
</test>
<test id="s1-s1-s10-t2" name="Screenshot with a rectangle">
<kw name="Connect Screenshot SUT" library="common" type="SETUP">
<kw name="Connect Sut" library="EggplantLibrary">
<arg>{Type:"screenshot", name:"${SUT screenshot file}"}</arg>
<doc>Opens a VNC or RDP connection with a SUT / makes it the active connection.</doc>
<msg timestamp="20220120 10:45:26.853" level="INFO">Send command to eggPlant server: 'connect {Type:"screenshot", name:"D:\DEV\robotframework-eggplant\tests\keywords/../SUT-Screenshot.png"}'</msg>
<msg timestamp="20220120 10:45:26.882" level="INFO">Execution duration: 0.005999922752</msg>
<msg timestamp="20220120 10:45:26.882" level="INFO">Command output:</msg>
<msg timestamp="20220120 10:45:26.882" level="INFO" html="true">20.01.22, 09:45:26	connect		D:\DEV\robotframework-eggplant\tests\keywords/../SUT-Screenshot.png:(null)
</msg>
<msg timestamp="20220120 10:45:26.882" level="INFO">Return value: D:/DEV/robotframework-eggplant/out/Screenshots/Screenshot__2022-01-20__10_45_26__599953.png</msg>
<status status="PASS" starttime="20220120 10:45:26.852" endtime="20220120 10:45:26.882"/>
</kw>
<status status="PASS" starttime="20220120 10:45:26.852" endtime="20220120 10:45:26.883"/>
</kw>
<kw name="Screenshot" library="EggplantLibrary">
<arg>@{MyRect1}</arg>
<doc>Captures a SUT screen image, saves it into the specified file and logs in the Robot test log.
By default the full screen is captured, otherwise according to the specified rectangle.</doc>
<msg timestamp="20220120 10:45:26.884" level="INFO">Screenshot rectangle: (100, 100),(200, 200)</msg>
<msg timestamp="20220120 10:45:26.971" level="INFO" html="true">Screenshot: &lt;a href="Screenshots\Screenshot__2022-01-20__10_45_26__883495.png"&gt;Screenshot__2022-01-20__10_45_26__883495.png&lt;/a&gt;&lt;td&gt;&lt;/td&gt;&lt;/tr&gt;&lt;tr&gt;&lt;td colspan="3"&gt;&lt;a href="Screenshots\Screenshot__2022-01-20__10_45_26__883495.png"&gt;&lt;img src="Screenshots\Screenshot__2022-01-20__10_45_26__883495.png" height="350px"&gt;&lt;/a&gt;&lt;/td&gt;&lt;/tr&gt;</msg>
<status status="PASS" starttime="20220120 10:45:26.883" endtime="20220120 10:45:26.971"/>
</kw>
<kw name="Screenshot" library="EggplantLibrary">
<arg>@{MyRect2}</arg>
<doc>Captures a SUT screen image, saves it into the specified file and logs in the Robot test log.
By default the full screen is captured, otherwise according to the specified rectangle.</doc>
<msg timestamp="20220120 10:45:26.972" level="INFO">Screenshot rectangle: (0, 0),(500, 500)</msg>
<msg timestamp="20220120 10:45:27.059" level="INFO" html="true">Screenshot: &lt;a href="Screenshots\Screenshot__2022-01-20__10_45_26__972254.png"&gt;Screenshot__2022-01-20__10_45_26__972254.png&lt;/a&gt;&lt;td&gt;&lt;/td&gt;&lt;/tr&gt;&lt;tr&gt;&lt;td colspan="3"&gt;&lt;a href="Screenshots\Screenshot__2022-01-20__10_45_26__972254.png"&gt;&lt;img src="Screenshots\Screenshot__2022-01-20__10_45_26__972254.png" height="350px"&gt;&lt;/a&gt;&lt;/td&gt;&lt;/tr&gt;</msg>
<status status="PASS" starttime="20220120 10:45:26.972" endtime="20220120 10:45:27.059"/>
</kw>
<status status="PASS" starttime="20220120 10:45:26.851" endtime="20220120 10:45:27.060"/>
</test>
<test id="s1-s1-s10-t3" name="Fullscreen with area highlighting">
<kw name="Connect Screenshot SUT" library="common" type="SETUP">
<kw name="Connect Sut" library="EggplantLibrary">
<arg>{Type:"screenshot", name:"${SUT screenshot file}"}</arg>
<doc>Opens a VNC or RDP connection with a SUT / makes it the active connection.</doc>
<msg timestamp="20220120 10:45:27.063" level="INFO">Send command to eggPlant server: 'connect {Type:"screenshot", name:"D:\DEV\robotframework-eggplant\tests\keywords/../SUT-Screenshot.png"}'</msg>
<msg timestamp="20220120 10:45:27.080" level="INFO">Execution duration: 0.003000020981</msg>
<msg timestamp="20220120 10:45:27.080" level="INFO">Command output:</msg>
<msg timestamp="20220120 10:45:27.080" level="INFO" html="true">20.01.22, 09:45:27	connect		D:\DEV\robotframework-eggplant\tests\keywords/../SUT-Screenshot.png:(null)
</msg>
<msg timestamp="20220120 10:45:27.080" level="INFO">Return value: D:/DEV/robotframework-eggplant/out/Screenshots/Screenshot__2022-01-20__10_45_26__972254.png</msg>
<status status="PASS" starttime="20220120 10:45:27.063" endtime="20220120 10:45:27.080"/>
</kw>
<status status="PASS" starttime="20220120 10:45:27.062" endtime="20220120 10:45:27.080"/>
</kw>
<kw name="Screenshot" library="EggplantLibrary">
<arg>highlight_rectangle=${MyRect2}</arg>
<doc>Captures a SUT screen image, saves it into the specified file and logs in the Robot test log.
By default the full screen is captured, otherwise according to the specified rectangle.</doc>
<msg timestamp="20220120 10:45:27.081" level="INFO">Screenshot rectangle: Full screen</msg>
<msg timestamp="20220120 10:45:27.299" level="INFO">['(0, 0),(500, 500)']</msg>
<msg timestamp="20220120 10:45:27.501" level="INFO" html="true">Screenshot: &lt;a href="Screenshots\Screenshot__2022-01-20__10_45_27__080962.png"&gt;Screenshot__2022-01-20__10_45_27__080962.png&lt;/a&gt;&lt;td&gt;&lt;/td&gt;&lt;/tr&gt;&lt;tr&gt;&lt;td colspan="3"&gt;&lt;a href="Screenshots\Screenshot__2022-01-20__10_45_27__080962.png"&gt;&lt;img src="Screenshots\Screenshot__2022-01-20__10_45_27__080962.png" height="350px"&gt;&lt;/a&gt;&lt;/td&gt;&lt;/tr&gt;</msg>
<status status="PASS" starttime="20220120 10:45:27.081" endtime="20220120 10:45:27.501"/>
</kw>
<status status="PASS" starttime="20220120 10:45:27.061" endtime="20220120 10:45:27.502"/>
</test>
<test id="s1-s1-s10-t4" name="Screenshot taking error if no SUT connected">
<kw name="Disconnect Screenshot SUT" library="common" type="SETUP">
<kw name="Disconnect Sut" library="EggplantLibrary">
<arg>{Type:"screenshot", name:"${SUT screenshot file}"}</arg>
<doc>Closes the specified VNC or RDP connection with a SUT.</doc>
<msg timestamp="20220120 10:45:27.504" level="INFO">Send command to eggPlant server: 'disconnect {Type:"screenshot", name:"D:\DEV\robotframework-eggplant\tests\keywords/../SUT-Screenshot.png"}'</msg>
<msg timestamp="20220120 10:45:27.663" level="INFO">Execution duration: 0.15499997139</msg>
<msg timestamp="20220120 10:45:27.663" level="INFO">Command output:</msg>
<msg timestamp="20220120 10:45:27.663" level="INFO" html="true">20.01.22, 09:45:27	disconnect		SUT-Screenshot.png – D:\DEV\robotframework-eggplant\tests\keywords/..
</msg>
<msg timestamp="20220120 10:45:27.663" level="INFO">Return value: D:/DEV/robotframework-eggplant/out/Screenshots/Screenshot__2022-01-20__10_45_27__080962.png</msg>
<status status="PASS" starttime="20220120 10:45:27.504" endtime="20220120 10:45:27.663"/>
</kw>
<status status="PASS" starttime="20220120 10:45:27.504" endtime="20220120 10:45:27.663"/>
</kw>
<kw name="Run Keyword And Expect Error" library="BuiltIn">
<arg>*Unable to take screenshot - no SUT connection available</arg>
<arg>Screenshot</arg>
<doc>Runs the keyword and checks that the expected error occurred.</doc>
<kw name="Screenshot" library="EggplantLibrary">
<doc>Captures a SUT screen image, saves it into the specified file and logs in the Robot test log.
By default the full screen is captured, otherwise according to the specified rectangle.</doc>
<msg timestamp="20220120 10:45:27.664" level="INFO">Screenshot rectangle: Full screen</msg>
<msg timestamp="20220120 10:45:27.700" level="FAIL">EggplantExecutionException: Unable to take screenshot - no SUT connection available</msg>
<status status="FAIL" starttime="20220120 10:45:27.664" endtime="20220120 10:45:27.700"/>
</kw>
<status status="PASS" starttime="20220120 10:45:27.664" endtime="20220120 10:45:27.700"/>
</kw>
<status status="PASS" starttime="20220120 10:45:27.503" endtime="20220120 10:45:27.701"/>
</test>
<kw name="Close Session" library="EggplantLibrary" type="TEARDOWN">
<doc>Closes the session with the specified eggPlant Suite.
Has to be called after test execution before opening a new session with the same eggPlant Suite.
If the requested session is not open, a warning is logged.</doc>
<status status="PASS" starttime="20220120 10:45:27.702" endtime="20220120 10:45:27.717"/>
</kw>
<status status="PASS" starttime="20220120 10:45:26.468" endtime="20220120 10:45:27.717"/>
</suite>
<suite id="s1-s1-s11" name="Subfolders" source="D:\DEV\robotframework-eggplant\tests\tests\Subfolders.robot">
<kw name="Open Session" library="EggplantLibrary" type="SETUP">
<doc>Opens a session with the specified eggPlant Suite.
Has to be called before test execution.
The keyword also checks current eggpPant version and logs a warning in case of incompatibility.</doc>
<msg timestamp="20220120 10:45:27.784" level="INFO">Send command to eggPlant server: 'if EggplantVersion().eggplant &lt; "21.1.0" then LogWarning !"Incompatible eggplant version detected - [[EggplantVersion().eggplant]]. Min. version required - 21.1.0. See README for more information."'</msg>
<msg timestamp="20220120 10:45:27.824" level="INFO">Execution duration: 0.000999927521</msg>
<msg timestamp="20220120 10:45:27.824" level="INFO">Command output:</msg>
<msg timestamp="20220120 10:45:27.824" level="INFO" html="true"/>
<msg timestamp="20220120 10:45:27.824" level="INFO">Return value: D:/DEV/robotframework-eggplant/out/Screenshots/Screenshot__2022-01-20__10_45_27__080962.png</msg>
<status status="PASS" starttime="20220120 10:45:27.724" endtime="20220120 10:45:27.824"/>
</kw>
<test id="s1-s1-s11-t1" name="Subfolders - 1 level deep">
<kw name="Some Submodule.echo" library="EggplantLibrary">
<var>${result}</var>
<arg>${input}</arg>
<doc> Returns the argument</doc>
<msg timestamp="20220120 10:45:27.825" level="INFO">Send command to eggPlant server: 'RunWithNewResults "SomeSubmodule/echo", "hello",'</msg>
<msg timestamp="20220120 10:45:28.025" level="INFO">Execution duration: 0.169000029564</msg>
<msg timestamp="20220120 10:45:28.025" level="INFO">Command output:</msg>
<msg timestamp="20220120 10:45:28.025" level="INFO" html="true">20.01.22, 09:45:27	START		Running SomeSubmodule/echo.script
20.01.22, 09:45:27	EndTestCase		(Duration:"0.001", Errors:"0", Exceptions:"0", StartTime:"2022-01-20 09:45:27 +0000", Successes:"1", TestCase:"SomeSubmodule/echo.script", Warnings:"0")
20.01.22, 09:45:27	SUCCESS		Execution Time 0:00:00 SomeSubmodule/echo.script
</msg>
<msg timestamp="20220120 10:45:28.025" level="INFO">Return value: hello</msg>
<msg timestamp="20220120 10:45:28.025" level="INFO">${result} = hello</msg>
<status status="PASS" starttime="20220120 10:45:27.825" endtime="20220120 10:45:28.025"/>
</kw>
<kw name="Should Be Equal" library="BuiltIn">
<arg>${input}</arg>
<arg>${result}</arg>
<doc>Fails if the given objects are unequal.</doc>
<status status="PASS" starttime="20220120 10:45:28.026" endtime="20220120 10:45:28.026"/>
</kw>
<status status="PASS" starttime="20220120 10:45:27.824" endtime="20220120 10:45:28.026"/>
</test>
<test id="s1-s1-s11-t2" name="Subfolders - 2 levels deep">
<kw name="Some Submodule. One More Sub Submodule.echo" library="EggplantLibrary">
<var>${result}</var>
<arg>${input}</arg>
<doc> Returns the argument</doc>
<msg timestamp="20220120 10:45:28.028" level="INFO">Send command to eggPlant server: 'RunWithNewResults "SomeSubmodule/OneMoreSubSubmodule/echo", "hello",'</msg>
<msg timestamp="20220120 10:45:28.190" level="INFO">Execution duration: 0.138000011444</msg>
<msg timestamp="20220120 10:45:28.190" level="INFO">Command output:</msg>
<msg timestamp="20220120 10:45:28.190" level="INFO" html="true">20.01.22, 09:45:28	START		Running SomeSubmodule/OneMoreSubSubmodule/echo.script
20.01.22, 09:45:28	EndTestCase		(Duration:"0.001", Errors:"0", Exceptions:"0", StartTime:"2022-01-20 09:45:28 +0000", Successes:"1", TestCase:"SomeSubmodule/OneMoreSubSubmodule/echo.script", Warnings:"0")
20.01.22, 09:45:28	SUCCESS		Execution Time 0:00:00 SomeSubmodule/OneMoreSubSubmodule/echo.script
</msg>
<msg timestamp="20220120 10:45:28.190" level="INFO">Return value: hello</msg>
<msg timestamp="20220120 10:45:28.190" level="INFO">${result} = hello</msg>
<status status="PASS" starttime="20220120 10:45:28.028" endtime="20220120 10:45:28.190"/>
</kw>
<kw name="Should Be Equal" library="BuiltIn">
<arg>${input}</arg>
<arg>${result}</arg>
<doc>Fails if the given objects are unequal.</doc>
<status status="PASS" starttime="20220120 10:45:28.191" endtime="20220120 10:45:28.191"/>
</kw>
<status status="PASS" starttime="20220120 10:45:28.027" endtime="20220120 10:45:28.192"/>
</test>
<kw name="Close Session" library="EggplantLibrary" type="TEARDOWN">
<doc>Closes the session with the specified eggPlant Suite.
Has to be called after test execution before opening a new session with the same eggPlant Suite.
If the requested session is not open, a warning is logged.</doc>
<status status="PASS" starttime="20220120 10:45:28.193" endtime="20220120 10:45:28.210"/>
</kw>
<status status="PASS" starttime="20220120 10:45:27.719" endtime="20220120 10:45:28.210"/>
</suite>
<status status="PASS" starttime="20220120 10:44:24.025" endtime="20220120 10:45:28.214"/>
</suite>
<status status="PASS" starttime="20220120 10:44:24.000" endtime="20220120 10:45:28.223"/>
</suite>
<statistics>
<total>
<stat pass="82" fail="0" skip="0">All Tests</stat>
</total>
<tag>
</tag>
<suite>
<stat pass="82" fail="0" skip="0" id="s1" name="Tests">Tests</stat>
<stat pass="82" fail="0" skip="0" id="s1-s1" name="Tests">Tests.Tests</stat>
<stat pass="2" fail="0" skip="0" id="s1-s1-s1" name="Comments">Tests.Tests.Comments</stat>
<stat pass="3" fail="0" skip="0" id="s1-s1-s2" name="Connection">Tests.Tests.Connection</stat>
<stat pass="2" fail="0" skip="0" id="s1-s1-s3" name="DebugInfo">Tests.Tests.DebugInfo</stat>
<stat pass="2" fail="0" skip="0" id="s1-s1-s4" name="Errors">Tests.Tests.Errors</stat>
<stat pass="1" fail="0" skip="0" id="s1-s1-s5" name="Logging">Tests.Tests.Logging</stat>
<stat pass="5" fail="0" skip="0" id="s1-s1-s6" name="Movie">Tests.Tests.Movie</stat>
<stat pass="18" fail="0" skip="0" id="s1-s1-s7" name="Params">Tests.Tests.Params</stat>
<stat pass="6" fail="0" skip="0" id="s1-s1-s8" name="Params Named Default">Tests.Tests.Params Named Default</stat>
<stat pass="37" fail="0" skip="0" id="s1-s1-s9" name="Return">Tests.Tests.Return</stat>
<stat pass="15" fail="0" skip="0" id="s1-s1-s9-s1" name="LegacyLists">Tests.Tests.Return.LegacyLists</stat>
<stat pass="15" fail="0" skip="0" id="s1-s1-s9-s2" name="Lists">Tests.Tests.Return.Lists</stat>
<stat pass="7" fail="0" skip="0" id="s1-s1-s9-s3" name="SimpleValues">Tests.Tests.Return.SimpleValues</stat>
<stat pass="4" fail="0" skip="0" id="s1-s1-s10" name="Screenshot">Tests.Tests.Screenshot</stat>
<stat pass="2" fail="0" skip="0" id="s1-s1-s11" name="Subfolders">Tests.Tests.Subfolders</stat>
</suite>
</statistics>
<errors>
<msg timestamp="20220120 10:44:24.915" level="WARN">Keyword 'EggplantLibrary.Deprecated Keyword' is deprecated. - use `listParams` instead
This keyword is deprecated - so RF log should contain a warning about it</msg>
<msg timestamp="20220120 10:45:01.142" level="WARN">This message should appear as warning!</msg>
</errors>
</robot>
